[2020/09/27 16:34:16] Array: {"file":"/www/wwwroot/default/zufang/bootstrap/bootload.inc", "line":29}
[2020/09/27 16:34:16] String: App_Controller_Applet_MemberControlleruserInfoAction
[2020/09/27 16:36:40] Array: {"file":"/www/wwwroot/default/zufang/bootstrap/bootload.inc", "line":29}
[2020/09/27 16:36:40] String: App_Controller_Applet_MemberControlleruserInfoAction
[2020/09/27 16:36:43] Array: {"file":"/www/wwwroot/default/zufang/bootstrap/bootload.inc", "line":29}
[2020/09/27 16:36:43] String: App_Controller_Applet_MemberControllersavePhoneAction
[2020/09/27 16:36:43] Array: {"file":"/www/wwwroot/default/zufang/bootstrap/bootload.inc", "line":29}
[2020/09/27 16:36:43] String: App_Controller_Applet_MemberControllerupdateMemberInfoAction
[2020/09/27 16:36:44] Array: {"file":"/www/wwwroot/default/zufang/bootstrap/bootload.inc", "line":29}
[2020/09/27 16:36:44] String: App_Controller_Applet_MemberControlleruserInfoAction
[2020/09/27 16:36:46] Array: {"file":"/www/wwwroot/default/zufang/bootstrap/bootload.inc", "line":29}
[2020/09/27 16:36:46] String: App_Controller_Applet_CurrencyControllergetareaAction
[2020/09/27 16:36:55] Array: {"file":"/www/wwwroot/default/zufang/bootstrap/bootload.inc", "line":29}
[2020/09/27 16:36:55] String: App_Controller_Applet_MemberControlleruserInfoAction
[2020/09/27 16:37:29] Array: {"file":"/www/wwwroot/default/zufang/bootstrap/bootload.inc", "line":29}
[2020/09/27 16:37:29] String: App_Controller_Applet_MemberControlleruserInfoAction
[2020/09/27 16:37:40] Array: {"file":"/www/wwwroot/default/zufang/bootstrap/bootload.inc", "line":29}
[2020/09/27 16:37:40] String: App_Controller_Applet_MemberControllersavePhoneAction
[2020/09/27 16:37:41] Array: {"file":"/www/wwwroot/default/zufang/bootstrap/bootload.inc", "line":29}
[2020/09/27 16:37:41] String: App_Controller_Applet_MemberControllerupdateMemberInfoAction
[2020/09/27 16:37:41] Array: {"file":"/www/wwwroot/default/zufang/bootstrap/bootload.inc", "line":29}
[2020/09/27 16:37:41] String: App_Controller_Applet_MemberControlleruserInfoAction
[2020/09/27 16:37:44] Array: {"file":"/www/wwwroot/default/zufang/bootstrap/bootload.inc", "line":29}
[2020/09/27 16:37:44] String: App_Controller_Applet_MemberControllersavePhoneAction
[2020/09/27 16:37:44] Array: {"file":"/www/wwwroot/default/zufang/bootstrap/bootload.inc", "line":29}
[2020/09/27 16:37:44] String: App_Controller_Applet_MemberControllerupdateMemberInfoAction
[2020/09/27 16:37:44] Array: {"file":"/www/wwwroot/default/zufang/bootstrap/bootload.inc", "line":29}
[2020/09/27 16:37:44] String: App_Controller_Applet_MemberControlleruserInfoAction
[2020/09/27 16:38:06] Array: {"file":"/www/wwwroot/default/zufang/bootstrap/bootload.inc", "line":29}
[2020/09/27 16:38:06] String: App_Controller_Applet_MemberControlleruserInfoAction
[2020/09/27 16:38:11] Array: {"file":"/www/wwwroot/default/zufang/bootstrap/bootload.inc", "line":29}
[2020/09/27 16:38:11] String: App_Controller_Applet_MemberControllersavePhoneAction
[2020/09/27 16:38:11] Array: {"file":"/www/wwwroot/default/zufang/bootstrap/bootload.inc", "line":29}
[2020/09/27 16:38:11] String: App_Controller_Applet_MemberControllerupdateMemberInfoAction
[2020/09/27 16:38:11] Array: {"file":"/www/wwwroot/default/zufang/bootstrap/bootload.inc", "line":29}
[2020/09/27 16:38:11] String: App_Controller_Applet_MemberControlleruserInfoAction
[2020/09/27 16:38:34] Array: {"file":"/www/wwwroot/default/zufang/bootstrap/bootload.inc", "line":29}
[2020/09/27 16:38:34] String: App_Controller_Applet_MemberControlleruserInfoAction
[2020/09/27 16:38:36] Array: {"file":"/www/wwwroot/default/zufang/bootstrap/bootload.inc", "line":29}
[2020/09/27 16:38:36] String: App_Controller_Applet_MemberControllersavePhoneAction
[2020/09/27 16:38:37] Array: {"file":"/www/wwwroot/default/zufang/bootstrap/bootload.inc", "line":29}
[2020/09/27 16:38:37] String: App_Controller_Applet_MemberControllerupdateMemberInfoAction
[2020/09/27 16:38:37] Array: {"file":"/www/wwwroot/default/zufang/bootstrap/bootload.inc", "line":29}
[2020/09/27 16:38:37] String: App_Controller_Applet_MemberControlleruserInfoAction
[2020/09/27 16:39:39] Array: {"file":"/www/wwwroot/default/zufang/bootstrap/bootload.inc", "line":29}
[2020/09/27 16:39:39] String: App_Controller_Applet_MemberControlleruserInfoAction
[2020/09/27 16:40:29] Array: {"file":"/www/wwwroot/default/zufang/bootstrap/bootload.inc", "line":29}
[2020/09/27 16:40:29] String: App_Controller_Applet_MemberControlleruserInfoAction
[2020/09/27 16:40:32] Array: {"file":"/www/wwwroot/default/zufang/bootstrap/bootload.inc", "line":29}
[2020/09/27 16:40:32] String: App_Controller_Applet_CurrencyControllergetareaAction
[2020/09/27 16:41:09] Array: {"file":"/www/wwwroot/default/zufang/bootstrap/bootload.inc", "line":29}
[2020/09/27 16:41:09] String: App_Controller_Applet_MemberControlleruserInfoAction
[2020/09/27 16:41:12] Array: {"file":"/www/wwwroot/default/zufang/bootstrap/bootload.inc", "line":29}
[2020/09/27 16:41:12] String: App_Controller_Applet_MemberControlleruserInfoAction
[2020/09/27 16:41:53] Array: {"file":"/www/wwwroot/default/zufang/bootstrap/bootload.inc", "line":29}
[2020/09/27 16:41:53] String: App_Controller_Applet_MemberControlleruserInfoAction
[2020/09/27 16:42:17] Array: {"file":"/www/wwwroot/default/zufang/bootstrap/bootload.inc", "line":29}
[2020/09/27 16:42:17] String: App_Controller_Applet_MemberControlleruserInfoAction
[2020/09/27 16:43:29] Array: {"file":"/www/wwwroot/default/zufang/bootstrap/bootload.inc", "line":29}
[2020/09/27 16:43:29] String: App_Controller_Applet_MemberControlleruserInfoAction
[2020/09/27 16:43:59] Array: {"file":"/www/wwwroot/default/zufang/bootstrap/bootload.inc", "line":29}
[2020/09/27 16:43:59] String: App_Controller_Applet_MemberControlleruserInfoAction
[2020/09/27 16:44:06] Array: {"file":"/www/wwwroot/default/zufang/bootstrap/bootload.inc", "line":29}
[2020/09/27 16:44:06] String: App_Controller_Applet_MemberControlleruserInfoAction
[2020/09/27 16:44:08] Array: {"file":"/www/wwwroot/default/zufang/bootstrap/bootload.inc", "line":29}
[2020/09/27 16:44:08] String: App_Controller_Applet_MemberControlleruserInfoAction
[2020/09/27 16:44:14] Array: {"file":"/www/wwwroot/default/zufang/bootstrap/bootload.inc", "line":29}
[2020/09/27 16:44:14] String: App_Controller_Applet_MemberControlleruserInfoAction
[2020/09/27 16:52:41] Array: {"file":"/www/wwwroot/default/zufang/bootstrap/bootload.inc", "line":29}
[2020/09/27 16:52:41] String: App_Controller_Applet_TradeControllerTradePayAction
