[2020/09/27 16:33:09] Array: {"file":"/www/wwwroot/default/zufang/sites/app/controller/applet/InitController.php", "line":431}
[2020/09/27 16:33:09] Number: 10
[2020/09/27 16:33:13] Array: {"file":"/www/wwwroot/default/zufang/sites/app/controller/applet/InitController.php", "line":431}
[2020/09/27 16:33:13] Number: 10
[2020/09/27 16:33:18] Array: {"file":"/www/wwwroot/default/zufang/sites/app/controller/applet/InitController.php", "line":431}
[2020/09/27 16:33:18] Number: 10
[2020/09/27 16:33:48] Array: {"file":"/www/wwwroot/default/zufang/sites/app/controller/applet/InitController.php", "line":431}
[2020/09/27 16:33:48] Number: 10
[2020/09/27 16:33:48] Array: {"file":"/www/wwwroot/default/zufang/sites/app/controller/applet/InitController.php", "line":431}
[2020/09/27 16:33:48] Number: 10
[2020/09/27 16:33:49] Array: {"file":"/www/wwwroot/default/zufang/sites/app/controller/applet/InitController.php", "line":431}
[2020/09/27 16:33:49] Number: 10
[2020/09/27 16:33:49] Array: {"file":"/www/wwwroot/default/zufang/sites/app/controller/applet/InitController.php", "line":431}
[2020/09/27 16:33:49] Number: 10
[2020/09/27 16:33:53] Array: {"file":"/www/wwwroot/default/zufang/sites/app/controller/applet/InitController.php", "line":431}
[2020/09/27 16:33:53] Number: 10
[2020/09/27 16:34:01] Array: {"file":"/www/wwwroot/default/zufang/sites/app/controller/applet/InitController.php", "line":431}
[2020/09/27 16:34:01] Number: 10
[2020/09/27 16:34:01] Array: {"file":"/www/wwwroot/default/zufang/sites/app/controller/applet/InitController.php", "line":431}
[2020/09/27 16:34:01] Number: 10
[2020/09/27 16:34:16] Array: {"file":"/www/wwwroot/default/zufang/sites/app/controller/applet/InitController.php", "line":431}
[2020/09/27 16:34:16] Number: 4
[2020/09/27 16:34:18] Array: {"file":"/www/wwwroot/default/zufang/sites/app/controller/applet/InitController.php", "line":431}
[2020/09/27 16:34:18] Number: 4
[2020/09/27 16:34:28] Array: {"file":"/www/wwwroot/default/zufang/sites/app/controller/wxapp/InitController.php", "line":570}
[2020/09/27 16:34:28] Number: 14110
[2020/09/27 16:34:28] Array: {"file":"/www/wwwroot/default/zufang/sites/app/controller/wxapp/InitController.php", "line":572}
[2020/09/27 16:34:28] Array: {"ac_id":"8321", "ac_s_id":"14110", "ac_type":"21", "ac_open_time":"1578886353", "ac_expire_time":"1736566353", "ac_active_time":"1601195469", "ac_self_renewal":"0", "ac_appid":"wxe57483a62f88b851", "ac_appsecret":"5e82039331ef57821aa822c456c5a090", "ac_access_token":"36_UUk8psbm3gF2Ml8cHpYOGNDV6bOaQGtfSKlfIkgLAkzeWwoJSrhSeseMFcmtSNW638-KD1FXYyMmkXpv0BNaBgmJ6XEKvAkeJ4vK8Jm43J4ho_Bs47j4-Naq8qRpeZaNmKn9Q_YCiLhiG7aBVRVhAFAJFJ", "ac_expires_in":"1597837876", "ac_auth_status":"0", "ac_auth_access_token":"", "ac_auth_expire_time":"0", "ac_auth_refresh_token":"", "ac_auth_business_domain":"", "ac_gh_id":"", "ac_service_type":"0", "ac_verify_type":"-1", "ac_name":"", "ac_avatar":"", "ac_principal":"", "ac_qrcode":"", "ac_wxacode":"", "ac_signature":"", "ac_category":"", "ac_bottom_menu":"", "ac_bottom_time":"0", "ac_navigation_bar":"", "ac_suspension_menu":"", "ac_suspension_menu_show":"0", "ac_index_menu":"", "ac_index_menu_title":"", "ac_index_menu_open":"0", "ac_domain_time":"0", "ac_func_scope":"", "ac_open_appid":"", "ac_mch_id":"", "ac_mch_key":"", "ac_index_tpl":"0", "ac_information_style":"5", "ac_insert_total":"0", "ac_insert_use":"0", "ac_aliapp_open":"0", "ac_share_open":"1", "ac_share_addr":"/upload/gallery/thumbnail/041B39AD-7CF0-5810-7FD8C4EF2A16-tbl.jpeg", "ac_share_custom":"1", "ac_share_title":"扫码有惊喜，好店在这里", "ac_share_cover":"/upload/gallery/thumbnail/EE2298CC-2848-3833-BEFCB26182BB-tbl.jpeg", "ac_kefu_open":"1", "ac_kefu_mobile":"1", "ac_phone_open":"1", "ac_version":"", "ac_base":"0", "ac_watermark":"", "ac_open_watermark":"1", "ac_receivable_code":"/public/build/ge750db0g0d55i86.jpg", "ac_open_greetings":"0", "ac_set_greetings":"", "ac_audit_sing_page":"0", "ac_audit_status":"0", "ac_audit_reason":"", "ac_audit_time":"0", "ac_audit_id":"0", "ac_audit_base":"0", "ac_audit_version":"", "ac_audit_auto":"0", "ac_experience_version":"", "ac_experience_base":"0", "ac_status":"0", "ac_enable_change":"0", "ac_app_key":"", "ac_appletad_open":"0", "ac_update_time":"1588932618", "ac_follow_open":"0", "ac_report_open":"1", "ac_suspension_menu_img":null, "ac_vip_grade":"0", "ac_vip_domain":null, "ac_post_follow_open":"0", "ac_watermark_img":"", "ac_theme_type":"0", "ac_custom_theme_color1":"", "ac_custom_theme_color2":""}
[2020/09/27 16:34:32] Array: {"file":"/www/wwwroot/default/zufang/sites/app/controller/wxapp/InitController.php", "line":570}
[2020/09/27 16:34:32] Number: 14110
[2020/09/27 16:34:32] Array: {"file":"/www/wwwroot/default/zufang/sites/app/controller/wxapp/InitController.php", "line":572}
[2020/09/27 16:34:32] Array: {"ac_id":"8321", "ac_s_id":"14110", "ac_type":"21", "ac_open_time":"1578886353", "ac_expire_time":"1736566353", "ac_active_time":"1601195668", "ac_self_renewal":"0", "ac_appid":"wxe57483a62f88b851", "ac_appsecret":"5e82039331ef57821aa822c456c5a090", "ac_access_token":"36_UUk8psbm3gF2Ml8cHpYOGNDV6bOaQGtfSKlfIkgLAkzeWwoJSrhSeseMFcmtSNW638-KD1FXYyMmkXpv0BNaBgmJ6XEKvAkeJ4vK8Jm43J4ho_Bs47j4-Naq8qRpeZaNmKn9Q_YCiLhiG7aBVRVhAFAJFJ", "ac_expires_in":"1597837876", "ac_auth_status":"0", "ac_auth_access_token":"", "ac_auth_expire_time":"0", "ac_auth_refresh_token":"", "ac_auth_business_domain":"", "ac_gh_id":"", "ac_service_type":"0", "ac_verify_type":"-1", "ac_name":"", "ac_avatar":"", "ac_principal":"", "ac_qrcode":"", "ac_wxacode":"", "ac_signature":"", "ac_category":"", "ac_bottom_menu":"", "ac_bottom_time":"0", "ac_navigation_bar":"", "ac_suspension_menu":"", "ac_suspension_menu_show":"0", "ac_index_menu":"", "ac_index_menu_title":"", "ac_index_menu_open":"0", "ac_domain_time":"0", "ac_func_scope":"", "ac_open_appid":"", "ac_mch_id":"", "ac_mch_key":"", "ac_index_tpl":"0", "ac_information_style":"5", "ac_insert_total":"0", "ac_insert_use":"0", "ac_aliapp_open":"0", "ac_share_open":"1", "ac_share_addr":"/upload/gallery/thumbnail/041B39AD-7CF0-5810-7FD8C4EF2A16-tbl.jpeg", "ac_share_custom":"1", "ac_share_title":"扫码有惊喜，好店在这里", "ac_share_cover":"/upload/gallery/thumbnail/EE2298CC-2848-3833-BEFCB26182BB-tbl.jpeg", "ac_kefu_open":"1", "ac_kefu_mobile":"1", "ac_phone_open":"1", "ac_version":"", "ac_base":"0", "ac_watermark":"", "ac_open_watermark":"1", "ac_receivable_code":"/public/build/ge750db0g0d55i86.jpg", "ac_open_greetings":"0", "ac_set_greetings":"", "ac_audit_sing_page":"0", "ac_audit_status":"0", "ac_audit_reason":"", "ac_audit_time":"0", "ac_audit_id":"0", "ac_audit_base":"0", "ac_audit_version":"", "ac_audit_auto":"0", "ac_experience_version":"", "ac_experience_base":"0", "ac_status":"0", "ac_enable_change":"0", "ac_app_key":"", "ac_appletad_open":"0", "ac_update_time":"1588932618", "ac_follow_open":"0", "ac_report_open":"1", "ac_suspension_menu_img":null, "ac_vip_grade":"0", "ac_vip_domain":null, "ac_post_follow_open":"0", "ac_watermark_img":"", "ac_theme_type":"0", "ac_custom_theme_color1":"", "ac_custom_theme_color2":""}
[2020/09/27 16:34:34] Array: {"file":"/www/wwwroot/default/zufang/sites/app/controller/wxapp/InitController.php", "line":570}
[2020/09/27 16:34:34] Number: 14110
[2020/09/27 16:34:34] Array: {"file":"/www/wwwroot/default/zufang/sites/app/controller/wxapp/InitController.php", "line":572}
[2020/09/27 16:34:34] Array: {"ac_id":"8321", "ac_s_id":"14110", "ac_type":"21", "ac_open_time":"1578886353", "ac_expire_time":"1736566353", "ac_active_time":"1601195672", "ac_self_renewal":"0", "ac_appid":"wxe57483a62f88b851", "ac_appsecret":"5e82039331ef57821aa822c456c5a090", "ac_access_token":"36_UUk8psbm3gF2Ml8cHpYOGNDV6bOaQGtfSKlfIkgLAkzeWwoJSrhSeseMFcmtSNW638-KD1FXYyMmkXpv0BNaBgmJ6XEKvAkeJ4vK8Jm43J4ho_Bs47j4-Naq8qRpeZaNmKn9Q_YCiLhiG7aBVRVhAFAJFJ", "ac_expires_in":"1597837876", "ac_auth_status":"0", "ac_auth_access_token":"", "ac_auth_expire_time":"0", "ac_auth_refresh_token":"", "ac_auth_business_domain":"", "ac_gh_id":"", "ac_service_type":"0", "ac_verify_type":"-1", "ac_name":"", "ac_avatar":"", "ac_principal":"", "ac_qrcode":"", "ac_wxacode":"", "ac_signature":"", "ac_category":"", "ac_bottom_menu":"", "ac_bottom_time":"0", "ac_navigation_bar":"", "ac_suspension_menu":"", "ac_suspension_menu_show":"0", "ac_index_menu":"", "ac_index_menu_title":"", "ac_index_menu_open":"0", "ac_domain_time":"0", "ac_func_scope":"", "ac_open_appid":"", "ac_mch_id":"", "ac_mch_key":"", "ac_index_tpl":"0", "ac_information_style":"5", "ac_insert_total":"0", "ac_insert_use":"0", "ac_aliapp_open":"0", "ac_share_open":"1", "ac_share_addr":"/upload/gallery/thumbnail/041B39AD-7CF0-5810-7FD8C4EF2A16-tbl.jpeg", "ac_share_custom":"1", "ac_share_title":"扫码有惊喜，好店在这里", "ac_share_cover":"/upload/gallery/thumbnail/EE2298CC-2848-3833-BEFCB26182BB-tbl.jpeg", "ac_kefu_open":"1", "ac_kefu_mobile":"1", "ac_phone_open":"1", "ac_version":"", "ac_base":"0", "ac_watermark":"", "ac_open_watermark":"1", "ac_receivable_code":"/public/build/ge750db0g0d55i86.jpg", "ac_open_greetings":"0", "ac_set_greetings":"", "ac_audit_sing_page":"0", "ac_audit_status":"0", "ac_audit_reason":"", "ac_audit_time":"0", "ac_audit_id":"0", "ac_audit_base":"0", "ac_audit_version":"", "ac_audit_auto":"0", "ac_experience_version":"", "ac_experience_base":"0", "ac_status":"0", "ac_enable_change":"0", "ac_app_key":"", "ac_appletad_open":"0", "ac_update_time":"1588932618", "ac_follow_open":"0", "ac_report_open":"1", "ac_suspension_menu_img":null, "ac_vip_grade":"0", "ac_vip_domain":null, "ac_post_follow_open":"0", "ac_watermark_img":"", "ac_theme_type":"0", "ac_custom_theme_color1":"", "ac_custom_theme_color2":""}
[2020/09/27 16:34:34] Array: {"file":"/www/wwwroot/default/zufang/sites/app/controller/wxapp/InitController.php", "line":570}
[2020/09/27 16:34:34] Number: 14110
[2020/09/27 16:34:34] Array: {"file":"/www/wwwroot/default/zufang/sites/app/controller/wxapp/InitController.php", "line":572}
[2020/09/27 16:34:34] Array: {"ac_id":"8321", "ac_s_id":"14110", "ac_type":"21", "ac_open_time":"1578886353", "ac_expire_time":"1736566353", "ac_active_time":"1601195674", "ac_self_renewal":"0", "ac_appid":"wxe57483a62f88b851", "ac_appsecret":"5e82039331ef57821aa822c456c5a090", "ac_access_token":"36_UUk8psbm3gF2Ml8cHpYOGNDV6bOaQGtfSKlfIkgLAkzeWwoJSrhSeseMFcmtSNW638-KD1FXYyMmkXpv0BNaBgmJ6XEKvAkeJ4vK8Jm43J4ho_Bs47j4-Naq8qRpeZaNmKn9Q_YCiLhiG7aBVRVhAFAJFJ", "ac_expires_in":"1597837876", "ac_auth_status":"0", "ac_auth_access_token":"", "ac_auth_expire_time":"0", "ac_auth_refresh_token":"", "ac_auth_business_domain":"", "ac_gh_id":"", "ac_service_type":"0", "ac_verify_type":"-1", "ac_name":"", "ac_avatar":"", "ac_principal":"", "ac_qrcode":"", "ac_wxacode":"", "ac_signature":"", "ac_category":"", "ac_bottom_menu":"", "ac_bottom_time":"0", "ac_navigation_bar":"", "ac_suspension_menu":"", "ac_suspension_menu_show":"0", "ac_index_menu":"", "ac_index_menu_title":"", "ac_index_menu_open":"0", "ac_domain_time":"0", "ac_func_scope":"", "ac_open_appid":"", "ac_mch_id":"", "ac_mch_key":"", "ac_index_tpl":"0", "ac_information_style":"5", "ac_insert_total":"0", "ac_insert_use":"0", "ac_aliapp_open":"0", "ac_share_open":"1", "ac_share_addr":"/upload/gallery/thumbnail/041B39AD-7CF0-5810-7FD8C4EF2A16-tbl.jpeg", "ac_share_custom":"1", "ac_share_title":"扫码有惊喜，好店在这里", "ac_share_cover":"/upload/gallery/thumbnail/EE2298CC-2848-3833-BEFCB26182BB-tbl.jpeg", "ac_kefu_open":"1", "ac_kefu_mobile":"1", "ac_phone_open":"1", "ac_version":"", "ac_base":"0", "ac_watermark":"", "ac_open_watermark":"1", "ac_receivable_code":"/public/build/ge750db0g0d55i86.jpg", "ac_open_greetings":"0", "ac_set_greetings":"", "ac_audit_sing_page":"0", "ac_audit_status":"0", "ac_audit_reason":"", "ac_audit_time":"0", "ac_audit_id":"0", "ac_audit_base":"0", "ac_audit_version":"", "ac_audit_auto":"0", "ac_experience_version":"", "ac_experience_base":"0", "ac_status":"0", "ac_enable_change":"0", "ac_app_key":"", "ac_appletad_open":"0", "ac_update_time":"1588932618", "ac_follow_open":"0", "ac_report_open":"1", "ac_suspension_menu_img":null, "ac_vip_grade":"0", "ac_vip_domain":null, "ac_post_follow_open":"0", "ac_watermark_img":"", "ac_theme_type":"0", "ac_custom_theme_color1":"", "ac_custom_theme_color2":""}
[2020/09/27 16:34:51] Array: {"file":"/www/wwwroot/default/zufang/sites/app/controller/applet/InitController.php", "line":431}
[2020/09/27 16:34:51] Number: 10
[2020/09/27 16:35:02] Array: {"file":"/www/wwwroot/default/zufang/sites/app/controller/applet/InitController.php", "line":431}
[2020/09/27 16:35:02] Number: 10
[2020/09/27 16:35:07] Array: {"file":"/www/wwwroot/default/zufang/sites/app/controller/applet/InitController.php", "line":431}
[2020/09/27 16:35:07] Number: 10
[2020/09/27 16:35:07] Array: {"file":"/www/wwwroot/default/zufang/sites/app/controller/applet/ServiceController.php", "line":80}
[2020/09/27 16:35:07] Number: 111
[2020/09/27 16:35:08] Array: {"file":"/www/wwwroot/default/zufang/sites/app/controller/applet/InitController.php", "line":431}
[2020/09/27 16:35:08] Number: 10
[2020/09/27 16:35:13] Array: {"file":"/www/wwwroot/default/zufang/sites/app/controller/applet/InitController.php", "line":431}
[2020/09/27 16:35:13] Number: 10
[2020/09/27 16:35:54] Array: {"file":"/www/wwwroot/default/zufang/sites/app/controller/applet/InitController.php", "line":431}
[2020/09/27 16:35:54] Number: 10
[2020/09/27 16:35:55] Array: {"file":"/www/wwwroot/default/zufang/sites/app/controller/applet/InitController.php", "line":431}
[2020/09/27 16:35:55] Number: 10
[2020/09/27 16:35:57] Array: {"file":"/www/wwwroot/default/zufang/sites/app/controller/applet/InitController.php", "line":431}
[2020/09/27 16:35:57] Number: 10
[2020/09/27 16:36:40] Array: {"file":"/www/wwwroot/default/zufang/sites/app/controller/applet/InitController.php", "line":431}
[2020/09/27 16:36:40] Number: 4
[2020/09/27 16:36:42] Array: {"file":"/www/wwwroot/default/zufang/sites/app/controller/applet/InitController.php", "line":431}
[2020/09/27 16:36:42] Number: 4
[2020/09/27 16:36:43] Array: {"file":"/www/wwwroot/default/zufang/sites/app/controller/applet/InitController.php", "line":431}
[2020/09/27 16:36:43] Number: 4
[2020/09/27 16:36:44] Array: {"file":"/www/wwwroot/default/zufang/sites/app/controller/applet/InitController.php", "line":431}
[2020/09/27 16:36:44] Number: 4
[2020/09/27 16:36:46] Array: {"file":"/www/wwwroot/default/zufang/sites/app/controller/applet/InitController.php", "line":431}
[2020/09/27 16:36:46] Number: 4
[2020/09/27 16:36:55] Array: {"file":"/www/wwwroot/default/zufang/sites/app/controller/applet/InitController.php", "line":431}
[2020/09/27 16:36:55] Number: 4
[2020/09/27 16:37:06] Array: {"file":"/www/wwwroot/default/zufang/sites/app/controller/applet/InitController.php", "line":431}
[2020/09/27 16:37:06] Number: 10
[2020/09/27 16:37:07] Array: {"file":"/www/wwwroot/default/zufang/sites/app/controller/applet/InitController.php", "line":431}
[2020/09/27 16:37:07] Number: 10
[2020/09/27 16:37:11] Array: {"file":"/www/wwwroot/default/zufang/sites/app/controller/applet/InitController.php", "line":431}
[2020/09/27 16:37:11] Number: 10
[2020/09/27 16:37:27] Array: {"file":"/www/wwwroot/default/zufang/sites/app/controller/applet/InitController.php", "line":431}
[2020/09/27 16:37:27] Number: 10
[2020/09/27 16:37:29] Array: {"file":"/www/wwwroot/default/zufang/sites/app/controller/applet/InitController.php", "line":431}
[2020/09/27 16:37:29] Number: 4
[2020/09/27 16:37:36] Array: {"file":"/www/wwwroot/default/zufang/sites/app/controller/applet/InitController.php", "line":431}
[2020/09/27 16:37:36] Number: 10
[2020/09/27 16:37:40] Array: {"file":"/www/wwwroot/default/zufang/sites/app/controller/applet/InitController.php", "line":431}
[2020/09/27 16:37:40] Number: 4
[2020/09/27 16:37:40] Array: {"file":"/www/wwwroot/default/zufang/sites/app/controller/applet/InitController.php", "line":431}
[2020/09/27 16:37:40] Number: 4
[2020/09/27 16:37:41] Array: {"file":"/www/wwwroot/default/zufang/sites/app/controller/applet/InitController.php", "line":431}
[2020/09/27 16:37:41] Number: 4
[2020/09/27 16:37:43] Array: {"file":"/www/wwwroot/default/zufang/sites/app/controller/applet/InitController.php", "line":431}
[2020/09/27 16:37:43] Number: 4
[2020/09/27 16:37:44] Array: {"file":"/www/wwwroot/default/zufang/sites/app/controller/applet/InitController.php", "line":431}
[2020/09/27 16:37:44] Number: 4
[2020/09/27 16:37:44] Array: {"file":"/www/wwwroot/default/zufang/sites/app/controller/applet/InitController.php", "line":431}
[2020/09/27 16:37:44] Number: 4
[2020/09/27 16:37:57] Array: {"file":"/www/wwwroot/default/zufang/sites/app/controller/wxapp/InitController.php", "line":570}
[2020/09/27 16:37:57] Number: 14110
[2020/09/27 16:37:57] Array: {"file":"/www/wwwroot/default/zufang/sites/app/controller/wxapp/InitController.php", "line":572}
[2020/09/27 16:37:57] Array: {"ac_id":"8321", "ac_s_id":"14110", "ac_type":"21", "ac_open_time":"1578886353", "ac_expire_time":"1736566353", "ac_active_time":"1601195674", "ac_self_renewal":"0", "ac_appid":"wxe57483a62f88b851", "ac_appsecret":"5e82039331ef57821aa822c456c5a090", "ac_access_token":"36_UUk8psbm3gF2Ml8cHpYOGNDV6bOaQGtfSKlfIkgLAkzeWwoJSrhSeseMFcmtSNW638-KD1FXYyMmkXpv0BNaBgmJ6XEKvAkeJ4vK8Jm43J4ho_Bs47j4-Naq8qRpeZaNmKn9Q_YCiLhiG7aBVRVhAFAJFJ", "ac_expires_in":"1597837876", "ac_auth_status":"0", "ac_auth_access_token":"", "ac_auth_expire_time":"0", "ac_auth_refresh_token":"", "ac_auth_business_domain":"", "ac_gh_id":"", "ac_service_type":"0", "ac_verify_type":"-1", "ac_name":"", "ac_avatar":"", "ac_principal":"", "ac_qrcode":"", "ac_wxacode":"", "ac_signature":"", "ac_category":"", "ac_bottom_menu":"", "ac_bottom_time":"0", "ac_navigation_bar":"", "ac_suspension_menu":"", "ac_suspension_menu_show":"0", "ac_index_menu":"", "ac_index_menu_title":"", "ac_index_menu_open":"0", "ac_domain_time":"0", "ac_func_scope":"", "ac_open_appid":"", "ac_mch_id":"", "ac_mch_key":"", "ac_index_tpl":"0", "ac_information_style":"5", "ac_insert_total":"0", "ac_insert_use":"0", "ac_aliapp_open":"0", "ac_share_open":"1", "ac_share_addr":"/upload/gallery/thumbnail/041B39AD-7CF0-5810-7FD8C4EF2A16-tbl.jpeg", "ac_share_custom":"1", "ac_share_title":"扫码有惊喜，好店在这里", "ac_share_cover":"/upload/gallery/thumbnail/EE2298CC-2848-3833-BEFCB26182BB-tbl.jpeg", "ac_kefu_open":"1", "ac_kefu_mobile":"1", "ac_phone_open":"1", "ac_version":"", "ac_base":"0", "ac_watermark":"", "ac_open_watermark":"1", "ac_receivable_code":"/public/build/ge750db0g0d55i86.jpg", "ac_open_greetings":"0", "ac_set_greetings":"", "ac_audit_sing_page":"0", "ac_audit_status":"0", "ac_audit_reason":"", "ac_audit_time":"0", "ac_audit_id":"0", "ac_audit_base":"0", "ac_audit_version":"", "ac_audit_auto":"0", "ac_experience_version":"", "ac_experience_base":"0", "ac_status":"0", "ac_enable_change":"0", "ac_app_key":"", "ac_appletad_open":"0", "ac_update_time":"1588932618", "ac_follow_open":"0", "ac_report_open":"1", "ac_suspension_menu_img":null, "ac_vip_grade":"0", "ac_vip_domain":null, "ac_post_follow_open":"0", "ac_watermark_img":"", "ac_theme_type":"0", "ac_custom_theme_color1":"", "ac_custom_theme_color2":""}
[2020/09/27 16:37:57] Array: {"file":"/www/wwwroot/default/zufang/sites/app/controller/wxapp/InitController.php", "line":570}
[2020/09/27 16:37:57] Number: 14110
[2020/09/27 16:37:57] Array: {"file":"/www/wwwroot/default/zufang/sites/app/controller/wxapp/InitController.php", "line":572}
[2020/09/27 16:37:57] Array: {"ac_id":"8321", "ac_s_id":"14110", "ac_type":"21", "ac_open_time":"1578886353", "ac_expire_time":"1736566353", "ac_active_time":"1601195877", "ac_self_renewal":"0", "ac_appid":"wxe57483a62f88b851", "ac_appsecret":"5e82039331ef57821aa822c456c5a090", "ac_access_token":"36_UUk8psbm3gF2Ml8cHpYOGNDV6bOaQGtfSKlfIkgLAkzeWwoJSrhSeseMFcmtSNW638-KD1FXYyMmkXpv0BNaBgmJ6XEKvAkeJ4vK8Jm43J4ho_Bs47j4-Naq8qRpeZaNmKn9Q_YCiLhiG7aBVRVhAFAJFJ", "ac_expires_in":"1597837876", "ac_auth_status":"0", "ac_auth_access_token":"", "ac_auth_expire_time":"0", "ac_auth_refresh_token":"", "ac_auth_business_domain":"", "ac_gh_id":"", "ac_service_type":"0", "ac_verify_type":"-1", "ac_name":"", "ac_avatar":"", "ac_principal":"", "ac_qrcode":"", "ac_wxacode":"", "ac_signature":"", "ac_category":"", "ac_bottom_menu":"", "ac_bottom_time":"0", "ac_navigation_bar":"", "ac_suspension_menu":"", "ac_suspension_menu_show":"0", "ac_index_menu":"", "ac_index_menu_title":"", "ac_index_menu_open":"0", "ac_domain_time":"0", "ac_func_scope":"", "ac_open_appid":"", "ac_mch_id":"", "ac_mch_key":"", "ac_index_tpl":"0", "ac_information_style":"5", "ac_insert_total":"0", "ac_insert_use":"0", "ac_aliapp_open":"0", "ac_share_open":"1", "ac_share_addr":"/upload/gallery/thumbnail/041B39AD-7CF0-5810-7FD8C4EF2A16-tbl.jpeg", "ac_share_custom":"1", "ac_share_title":"扫码有惊喜，好店在这里", "ac_share_cover":"/upload/gallery/thumbnail/EE2298CC-2848-3833-BEFCB26182BB-tbl.jpeg", "ac_kefu_open":"1", "ac_kefu_mobile":"1", "ac_phone_open":"1", "ac_version":"", "ac_base":"0", "ac_watermark":"", "ac_open_watermark":"1", "ac_receivable_code":"/public/build/ge750db0g0d55i86.jpg", "ac_open_greetings":"0", "ac_set_greetings":"", "ac_audit_sing_page":"0", "ac_audit_status":"0", "ac_audit_reason":"", "ac_audit_time":"0", "ac_audit_id":"0", "ac_audit_base":"0", "ac_audit_version":"", "ac_audit_auto":"0", "ac_experience_version":"", "ac_experience_base":"0", "ac_status":"0", "ac_enable_change":"0", "ac_app_key":"", "ac_appletad_open":"0", "ac_update_time":"1588932618", "ac_follow_open":"0", "ac_report_open":"1", "ac_suspension_menu_img":null, "ac_vip_grade":"0", "ac_vip_domain":null, "ac_post_follow_open":"0", "ac_watermark_img":"", "ac_theme_type":"0", "ac_custom_theme_color1":"", "ac_custom_theme_color2":""}
[2020/09/27 16:38:06] Array: {"file":"/www/wwwroot/default/zufang/sites/app/controller/applet/InitController.php", "line":431}
[2020/09/27 16:38:06] Number: 0
[2020/09/27 16:38:10] Array: {"file":"/www/wwwroot/default/zufang/sites/app/controller/applet/InitController.php", "line":431}
[2020/09/27 16:38:10] Number: 4
[2020/09/27 16:38:11] Array: {"file":"/www/wwwroot/default/zufang/sites/app/controller/applet/InitController.php", "line":431}
[2020/09/27 16:38:11] Number: 4
[2020/09/27 16:38:11] Array: {"file":"/www/wwwroot/default/zufang/sites/app/controller/applet/InitController.php", "line":431}
[2020/09/27 16:38:11] Number: 4
[2020/09/27 16:38:17] Array: {"file":"/www/wwwroot/default/zufang/sites/app/controller/wxapp/InitController.php", "line":570}
[2020/09/27 16:38:17] Number: 14110
[2020/09/27 16:38:17] Array: {"file":"/www/wwwroot/default/zufang/sites/app/controller/wxapp/InitController.php", "line":572}
[2020/09/27 16:38:17] Array: {"ac_id":"8321", "ac_s_id":"14110", "ac_type":"21", "ac_open_time":"1578886353", "ac_expire_time":"1736566353", "ac_active_time":"1601195877", "ac_self_renewal":"0", "ac_appid":"wxe57483a62f88b851", "ac_appsecret":"5e82039331ef57821aa822c456c5a090", "ac_access_token":"36_UUk8psbm3gF2Ml8cHpYOGNDV6bOaQGtfSKlfIkgLAkzeWwoJSrhSeseMFcmtSNW638-KD1FXYyMmkXpv0BNaBgmJ6XEKvAkeJ4vK8Jm43J4ho_Bs47j4-Naq8qRpeZaNmKn9Q_YCiLhiG7aBVRVhAFAJFJ", "ac_expires_in":"1597837876", "ac_auth_status":"0", "ac_auth_access_token":"", "ac_auth_expire_time":"0", "ac_auth_refresh_token":"", "ac_auth_business_domain":"", "ac_gh_id":"", "ac_service_type":"0", "ac_verify_type":"-1", "ac_name":"", "ac_avatar":"", "ac_principal":"", "ac_qrcode":"", "ac_wxacode":"", "ac_signature":"", "ac_category":"", "ac_bottom_menu":"", "ac_bottom_time":"0", "ac_navigation_bar":"", "ac_suspension_menu":"", "ac_suspension_menu_show":"0", "ac_index_menu":"", "ac_index_menu_title":"", "ac_index_menu_open":"0", "ac_domain_time":"0", "ac_func_scope":"", "ac_open_appid":"", "ac_mch_id":"", "ac_mch_key":"", "ac_index_tpl":"0", "ac_information_style":"5", "ac_insert_total":"0", "ac_insert_use":"0", "ac_aliapp_open":"0", "ac_share_open":"1", "ac_share_addr":"/upload/gallery/thumbnail/041B39AD-7CF0-5810-7FD8C4EF2A16-tbl.jpeg", "ac_share_custom":"1", "ac_share_title":"扫码有惊喜，好店在这里", "ac_share_cover":"/upload/gallery/thumbnail/EE2298CC-2848-3833-BEFCB26182BB-tbl.jpeg", "ac_kefu_open":"1", "ac_kefu_mobile":"1", "ac_phone_open":"1", "ac_version":"", "ac_base":"0", "ac_watermark":"", "ac_open_watermark":"1", "ac_receivable_code":"/public/build/ge750db0g0d55i86.jpg", "ac_open_greetings":"0", "ac_set_greetings":"", "ac_audit_sing_page":"0", "ac_audit_status":"0", "ac_audit_reason":"", "ac_audit_time":"0", "ac_audit_id":"0", "ac_audit_base":"0", "ac_audit_version":"", "ac_audit_auto":"0", "ac_experience_version":"", "ac_experience_base":"0", "ac_status":"0", "ac_enable_change":"0", "ac_app_key":"", "ac_appletad_open":"0", "ac_update_time":"1588932618", "ac_follow_open":"0", "ac_report_open":"1", "ac_suspension_menu_img":null, "ac_vip_grade":"0", "ac_vip_domain":null, "ac_post_follow_open":"0", "ac_watermark_img":"", "ac_theme_type":"0", "ac_custom_theme_color1":"", "ac_custom_theme_color2":""}
[2020/09/27 16:38:17] Array: {"file":"/www/wwwroot/default/zufang/sites/app/controller/wxapp/InitController.php", "line":570}
[2020/09/27 16:38:17] Number: 14110
[2020/09/27 16:38:17] Array: {"file":"/www/wwwroot/default/zufang/sites/app/controller/wxapp/InitController.php", "line":572}
[2020/09/27 16:38:17] Array: {"ac_id":"8321", "ac_s_id":"14110", "ac_type":"21", "ac_open_time":"1578886353", "ac_expire_time":"1736566353", "ac_active_time":"1601195897", "ac_self_renewal":"0", "ac_appid":"wxe57483a62f88b851", "ac_appsecret":"5e82039331ef57821aa822c456c5a090", "ac_access_token":"36_UUk8psbm3gF2Ml8cHpYOGNDV6bOaQGtfSKlfIkgLAkzeWwoJSrhSeseMFcmtSNW638-KD1FXYyMmkXpv0BNaBgmJ6XEKvAkeJ4vK8Jm43J4ho_Bs47j4-Naq8qRpeZaNmKn9Q_YCiLhiG7aBVRVhAFAJFJ", "ac_expires_in":"1597837876", "ac_auth_status":"0", "ac_auth_access_token":"", "ac_auth_expire_time":"0", "ac_auth_refresh_token":"", "ac_auth_business_domain":"", "ac_gh_id":"", "ac_service_type":"0", "ac_verify_type":"-1", "ac_name":"", "ac_avatar":"", "ac_principal":"", "ac_qrcode":"", "ac_wxacode":"", "ac_signature":"", "ac_category":"", "ac_bottom_menu":"", "ac_bottom_time":"0", "ac_navigation_bar":"", "ac_suspension_menu":"", "ac_suspension_menu_show":"0", "ac_index_menu":"", "ac_index_menu_title":"", "ac_index_menu_open":"0", "ac_domain_time":"0", "ac_func_scope":"", "ac_open_appid":"", "ac_mch_id":"", "ac_mch_key":"", "ac_index_tpl":"0", "ac_information_style":"5", "ac_insert_total":"0", "ac_insert_use":"0", "ac_aliapp_open":"0", "ac_share_open":"1", "ac_share_addr":"/upload/gallery/thumbnail/041B39AD-7CF0-5810-7FD8C4EF2A16-tbl.jpeg", "ac_share_custom":"1", "ac_share_title":"扫码有惊喜，好店在这里", "ac_share_cover":"/upload/gallery/thumbnail/EE2298CC-2848-3833-BEFCB26182BB-tbl.jpeg", "ac_kefu_open":"1", "ac_kefu_mobile":"1", "ac_phone_open":"1", "ac_version":"", "ac_base":"0", "ac_watermark":"", "ac_open_watermark":"1", "ac_receivable_code":"/public/build/ge750db0g0d55i86.jpg", "ac_open_greetings":"0", "ac_set_greetings":"", "ac_audit_sing_page":"0", "ac_audit_status":"0", "ac_audit_reason":"", "ac_audit_time":"0", "ac_audit_id":"0", "ac_audit_base":"0", "ac_audit_version":"", "ac_audit_auto":"0", "ac_experience_version":"", "ac_experience_base":"0", "ac_status":"0", "ac_enable_change":"0", "ac_app_key":"", "ac_appletad_open":"0", "ac_update_time":"1588932618", "ac_follow_open":"0", "ac_report_open":"1", "ac_suspension_menu_img":null, "ac_vip_grade":"0", "ac_vip_domain":null, "ac_post_follow_open":"0", "ac_watermark_img":"", "ac_theme_type":"0", "ac_custom_theme_color1":"", "ac_custom_theme_color2":""}
[2020/09/27 16:38:34] Array: {"file":"/www/wwwroot/default/zufang/sites/app/controller/applet/InitController.php", "line":431}
[2020/09/27 16:38:34] Number: 4
[2020/09/27 16:38:36] Array: {"file":"/www/wwwroot/default/zufang/sites/app/controller/applet/InitController.php", "line":431}
[2020/09/27 16:38:36] Number: 4
[2020/09/27 16:38:36] Array: {"file":"/www/wwwroot/default/zufang/sites/app/controller/applet/InitController.php", "line":431}
[2020/09/27 16:38:36] Number: 4
[2020/09/27 16:38:37] Array: {"file":"/www/wwwroot/default/zufang/sites/app/controller/applet/InitController.php", "line":431}
[2020/09/27 16:38:37] Number: 4
[2020/09/27 16:39:39] Array: {"file":"/www/wwwroot/default/zufang/sites/app/controller/applet/InitController.php", "line":431}
[2020/09/27 16:39:39] Number: 4
[2020/09/27 16:40:29] Array: {"file":"/www/wwwroot/default/zufang/sites/app/controller/applet/InitController.php", "line":431}
[2020/09/27 16:40:29] Number: 4
[2020/09/27 16:40:32] Array: {"file":"/www/wwwroot/default/zufang/sites/app/controller/applet/InitController.php", "line":431}
[2020/09/27 16:40:32] Number: 4
[2020/09/27 16:40:47] Array: {"file":"/www/wwwroot/default/zufang/sites/app/controller/applet/InitController.php", "line":431}
[2020/09/27 16:40:47] Number: 4
[2020/09/27 16:40:47] Array: {"file":"/www/wwwroot/default/zufang/sites/app/controller/applet/ServiceController.php", "line":80}
[2020/09/27 16:40:47] Number: 111
[2020/09/27 16:40:53] Array: {"file":"/www/wwwroot/default/zufang/sites/app/controller/applet/InitController.php", "line":431}
[2020/09/27 16:40:53] Number: 0
[2020/09/27 16:40:55] Array: {"file":"/www/wwwroot/default/zufang/sites/app/controller/applet/InitController.php", "line":431}
[2020/09/27 16:40:55] Number: 0
[2020/09/27 16:40:56] Array: {"file":"/www/wwwroot/default/zufang/sites/app/controller/applet/InitController.php", "line":431}
[2020/09/27 16:40:56] Number: 0
[2020/09/27 16:41:09] Array: {"file":"/www/wwwroot/default/zufang/sites/app/controller/applet/InitController.php", "line":431}
[2020/09/27 16:41:09] Number: 0
[2020/09/27 16:41:12] Array: {"file":"/www/wwwroot/default/zufang/sites/app/controller/applet/InitController.php", "line":431}
[2020/09/27 16:41:12] Number: 4
[2020/09/27 16:41:17] Array: {"file":"/www/wwwroot/default/zufang/sites/app/controller/applet/InitController.php", "line":431}
[2020/09/27 16:41:17] Number: 4
[2020/09/27 16:41:17] Array: {"file":"/www/wwwroot/default/zufang/sites/app/controller/applet/ServiceController.php", "line":80}
[2020/09/27 16:41:17] Number: 111
[2020/09/27 16:41:53] Array: {"file":"/www/wwwroot/default/zufang/sites/app/controller/applet/InitController.php", "line":431}
[2020/09/27 16:41:53] Number: 9
[2020/09/27 16:41:55] Array: {"file":"/www/wwwroot/default/zufang/sites/app/controller/applet/InitController.php", "line":431}
[2020/09/27 16:41:55] Number: 9
[2020/09/27 16:42:17] Array: {"file":"/www/wwwroot/default/zufang/sites/app/controller/applet/InitController.php", "line":431}
[2020/09/27 16:42:17] Number: 0
[2020/09/27 16:42:26] Array: {"file":"/www/wwwroot/default/zufang/sites/app/controller/applet/InitController.php", "line":431}
[2020/09/27 16:42:26] Number: 9
[2020/09/27 16:42:26] Array: {"file":"/www/wwwroot/default/zufang/sites/app/controller/applet/InitController.php", "line":431}
[2020/09/27 16:42:26] Number: 9
[2020/09/27 16:43:14] Array: {"file":"/www/wwwroot/default/zufang/sites/app/controller/applet/InitController.php", "line":431}
[2020/09/27 16:43:14] Number: 9
[2020/09/27 16:43:29] Array: {"file":"/www/wwwroot/default/zufang/sites/app/controller/applet/InitController.php", "line":431}
[2020/09/27 16:43:29] Number: 9
[2020/09/27 16:43:30] Array: {"file":"/www/wwwroot/default/zufang/sites/app/controller/applet/InitController.php", "line":431}
[2020/09/27 16:43:30] Number: 9
[2020/09/27 16:43:59] Array: {"file":"/www/wwwroot/default/zufang/sites/app/controller/applet/InitController.php", "line":431}
[2020/09/27 16:43:59] Number: 10
[2020/09/27 16:44:00] Array: {"file":"/www/wwwroot/default/zufang/sites/app/controller/applet/InitController.php", "line":431}
[2020/09/27 16:44:00] Number: 10
[2020/09/27 16:44:00] Array: {"file":"/www/wwwroot/default/zufang/sites/app/controller/applet/InitController.php", "line":431}
[2020/09/27 16:44:00] Number: 10
[2020/09/27 16:44:03] Array: {"file":"/www/wwwroot/default/zufang/sites/app/controller/applet/InitController.php", "line":431}
[2020/09/27 16:44:03] Number: 10
[2020/09/27 16:44:04] Array: {"file":"/www/wwwroot/default/zufang/sites/app/controller/applet/InitController.php", "line":431}
[2020/09/27 16:44:04] Number: 10
[2020/09/27 16:44:05] Array: {"file":"/www/wwwroot/default/zufang/sites/app/controller/applet/InitController.php", "line":431}
[2020/09/27 16:44:05] Number: 10
[2020/09/27 16:44:06] Array: {"file":"/www/wwwroot/default/zufang/sites/app/controller/applet/InitController.php", "line":431}
[2020/09/27 16:44:06] Number: 0
[2020/09/27 16:44:08] Array: {"file":"/www/wwwroot/default/zufang/sites/app/controller/applet/InitController.php", "line":431}
[2020/09/27 16:44:08] Number: 4
[2020/09/27 16:44:08] Array: {"file":"/www/wwwroot/default/zufang/sites/app/controller/applet/ServiceController.php", "line":80}
[2020/09/27 16:44:08] Number: 111
[2020/09/27 16:44:08] Array: {"file":"/www/wwwroot/default/zufang/sites/app/controller/applet/InitController.php", "line":431}
[2020/09/27 16:44:08] Number: 9
[2020/09/27 16:44:10] Array: {"file":"/www/wwwroot/default/zufang/sites/app/controller/applet/InitController.php", "line":431}
[2020/09/27 16:44:10] Number: 10
[2020/09/27 16:44:10] Array: {"file":"/www/wwwroot/default/zufang/sites/app/controller/applet/InitController.php", "line":431}
[2020/09/27 16:44:10] Number: 9
[2020/09/27 16:44:10] Array: {"file":"/www/wwwroot/default/zufang/sites/app/controller/applet/InitController.php", "line":431}
[2020/09/27 16:44:10] Number: 4
[2020/09/27 16:44:10] Array: {"file":"/www/wwwroot/default/zufang/sites/app/controller/applet/ServiceController.php", "line":80}
[2020/09/27 16:44:10] Number: 111
[2020/09/27 16:44:11] Array: {"file":"/www/wwwroot/default/zufang/sites/app/controller/applet/InitController.php", "line":431}
[2020/09/27 16:44:11] Number: 9
[2020/09/27 16:44:11] Array: {"file":"/www/wwwroot/default/zufang/sites/app/controller/applet/InitController.php", "line":431}
[2020/09/27 16:44:11] Number: 9
[2020/09/27 16:44:14] Array: {"file":"/www/wwwroot/default/zufang/sites/app/controller/applet/InitController.php", "line":431}
[2020/09/27 16:44:14] Number: 6
[2020/09/27 16:44:15] Array: {"file":"/www/wwwroot/default/zufang/sites/app/controller/applet/InitController.php", "line":431}
[2020/09/27 16:44:15] Number: 10
[2020/09/27 16:44:15] Array: {"file":"/www/wwwroot/default/zufang/sites/app/controller/applet/InitController.php", "line":431}
[2020/09/27 16:44:15] Number: 9
[2020/09/27 16:44:16] Array: {"file":"/www/wwwroot/default/zufang/sites/app/controller/applet/InitController.php", "line":431}
[2020/09/27 16:44:16] Number: 6
[2020/09/27 16:44:16] Array: {"file":"/www/wwwroot/default/zufang/sites/app/controller/applet/InitController.php", "line":431}
[2020/09/27 16:44:16] Number: 6
[2020/09/27 16:44:16] Array: {"file":"/www/wwwroot/default/zufang/sites/app/controller/applet/InitController.php", "line":431}
[2020/09/27 16:44:16] Number: 9
[2020/09/27 16:44:17] Array: {"file":"/www/wwwroot/default/zufang/sites/app/controller/applet/InitController.php", "line":431}
[2020/09/27 16:44:17] Number: 9
[2020/09/27 16:44:18] Array: {"file":"/www/wwwroot/default/zufang/sites/app/controller/applet/InitController.php", "line":431}
[2020/09/27 16:44:18] Number: 6
[2020/09/27 16:44:18] Array: {"file":"/www/wwwroot/default/zufang/sites/app/controller/applet/InitController.php", "line":431}
[2020/09/27 16:44:18] Number: 10
[2020/09/27 16:44:20] Array: {"file":"/www/wwwroot/default/zufang/sites/app/controller/applet/InitController.php", "line":431}
[2020/09/27 16:44:20] Number: 9
[2020/09/27 16:44:21] Array: {"file":"/www/wwwroot/default/zufang/sites/app/controller/applet/InitController.php", "line":431}
[2020/09/27 16:44:21] Number: 9
[2020/09/27 16:44:24] Array: {"file":"/www/wwwroot/default/zufang/sites/app/controller/applet/InitController.php", "line":431}
[2020/09/27 16:44:24] Number: 9
[2020/09/27 16:44:31] Array: {"file":"/www/wwwroot/default/zufang/sites/app/controller/applet/InitController.php", "line":431}
[2020/09/27 16:44:31] Number: 6
[2020/09/27 16:44:34] Array: {"file":"/www/wwwroot/default/zufang/sites/app/controller/applet/InitController.php", "line":431}
[2020/09/27 16:44:34] Number: 6
[2020/09/27 16:44:36] Array: {"file":"/www/wwwroot/default/zufang/sites/app/controller/applet/InitController.php", "line":431}
[2020/09/27 16:44:36] Number: 6
[2020/09/27 16:44:38] Array: {"file":"/www/wwwroot/default/zufang/sites/app/controller/applet/InitController.php", "line":431}
[2020/09/27 16:44:38] Number: 6
[2020/09/27 16:44:39] Array: {"file":"/www/wwwroot/default/zufang/sites/app/controller/applet/InitController.php", "line":431}
[2020/09/27 16:44:39] Number: 6
[2020/09/27 16:44:42] Array: {"file":"/www/wwwroot/default/zufang/sites/app/controller/applet/InitController.php", "line":431}
[2020/09/27 16:44:42] Number: 6
[2020/09/27 16:44:42] Array: {"file":"/www/wwwroot/default/zufang/sites/app/controller/applet/ServiceController.php", "line":80}
[2020/09/27 16:44:42] Number: 111
[2020/09/27 16:45:48] Array: {"file":"/www/wwwroot/default/zufang/sites/app/controller/applet/InitController.php", "line":431}
[2020/09/27 16:45:48] Number: 6
[2020/09/27 16:45:52] Array: {"file":"/www/wwwroot/default/zufang/sites/app/controller/applet/InitController.php", "line":431}
[2020/09/27 16:45:52] Number: 6
[2020/09/27 16:46:04] Array: {"file":"/www/wwwroot/default/zufang/sites/app/controller/applet/InitController.php", "line":431}
[2020/09/27 16:46:04] Number: 6
[2020/09/27 16:46:06] Array: {"file":"/www/wwwroot/default/zufang/sites/app/controller/applet/InitController.php", "line":431}
[2020/09/27 16:46:06] Number: 6
[2020/09/27 16:52:16] Array: {"file":"/www/wwwroot/default/zufang/sites/app/controller/applet/InitController.php", "line":431}
[2020/09/27 16:52:16] Number: 10
[2020/09/27 16:52:17] Array: {"file":"/www/wwwroot/default/zufang/sites/app/controller/applet/InitController.php", "line":431}
[2020/09/27 16:52:17] Number: 10
[2020/09/27 16:52:20] Array: {"file":"/www/wwwroot/default/zufang/sites/app/controller/applet/InitController.php", "line":431}
[2020/09/27 16:52:20] Number: 10
[2020/09/27 16:52:32] Array: {"file":"/www/wwwroot/default/zufang/sites/app/controller/applet/InitController.php", "line":431}
[2020/09/27 16:52:32] Number: 10
[2020/09/27 16:52:41] Array: {"file":"/www/wwwroot/default/zufang/sites/app/controller/applet/InitController.php", "line":431}
[2020/09/27 16:52:41] Number: 10
[2020/09/27 16:52:41] Array: {"file":"/www/wwwroot/default/zufang/sites/app/controller/applet/InitController.php", "line":431}
[2020/09/27 16:52:41] Number: 10
[2020/09/27 16:54:32] Array: {"file":"/www/wwwroot/default/zufang/sites/app/controller/wxapp/InitController.php", "line":570}
[2020/09/27 16:54:32] Number: 14110
[2020/09/27 16:54:32] Array: {"file":"/www/wwwroot/default/zufang/sites/app/controller/wxapp/InitController.php", "line":572}
[2020/09/27 16:54:32] Array: {"ac_id":"8321", "ac_s_id":"14110", "ac_type":"21", "ac_open_time":"1578886353", "ac_expire_time":"1736566353", "ac_active_time":"1601195897", "ac_self_renewal":"0", "ac_appid":"wxe57483a62f88b851", "ac_appsecret":"5e82039331ef57821aa822c456c5a090", "ac_access_token":"36_UUk8psbm3gF2Ml8cHpYOGNDV6bOaQGtfSKlfIkgLAkzeWwoJSrhSeseMFcmtSNW638-KD1FXYyMmkXpv0BNaBgmJ6XEKvAkeJ4vK8Jm43J4ho_Bs47j4-Naq8qRpeZaNmKn9Q_YCiLhiG7aBVRVhAFAJFJ", "ac_expires_in":"1597837876", "ac_auth_status":"0", "ac_auth_access_token":"", "ac_auth_expire_time":"0", "ac_auth_refresh_token":"", "ac_auth_business_domain":"", "ac_gh_id":"", "ac_service_type":"0", "ac_verify_type":"-1", "ac_name":"", "ac_avatar":"", "ac_principal":"", "ac_qrcode":"", "ac_wxacode":"", "ac_signature":"", "ac_category":"", "ac_bottom_menu":"", "ac_bottom_time":"0", "ac_navigation_bar":"", "ac_suspension_menu":"", "ac_suspension_menu_show":"0", "ac_index_menu":"", "ac_index_menu_title":"", "ac_index_menu_open":"0", "ac_domain_time":"0", "ac_func_scope":"", "ac_open_appid":"", "ac_mch_id":"", "ac_mch_key":"", "ac_index_tpl":"0", "ac_information_style":"5", "ac_insert_total":"0", "ac_insert_use":"0", "ac_aliapp_open":"0", "ac_share_open":"1", "ac_share_addr":"/upload/gallery/thumbnail/041B39AD-7CF0-5810-7FD8C4EF2A16-tbl.jpeg", "ac_share_custom":"1", "ac_share_title":"扫码有惊喜，好店在这里", "ac_share_cover":"/upload/gallery/thumbnail/EE2298CC-2848-3833-BEFCB26182BB-tbl.jpeg", "ac_kefu_open":"1", "ac_kefu_mobile":"1", "ac_phone_open":"1", "ac_version":"", "ac_base":"0", "ac_watermark":"", "ac_open_watermark":"1", "ac_receivable_code":"/public/build/ge750db0g0d55i86.jpg", "ac_open_greetings":"0", "ac_set_greetings":"", "ac_audit_sing_page":"0", "ac_audit_status":"0", "ac_audit_reason":"", "ac_audit_time":"0", "ac_audit_id":"0", "ac_audit_base":"0", "ac_audit_version":"", "ac_audit_auto":"0", "ac_experience_version":"", "ac_experience_base":"0", "ac_status":"0", "ac_enable_change":"0", "ac_app_key":"", "ac_appletad_open":"0", "ac_update_time":"1588932618", "ac_follow_open":"0", "ac_report_open":"1", "ac_suspension_menu_img":null, "ac_vip_grade":"0", "ac_vip_domain":null, "ac_post_follow_open":"0", "ac_watermark_img":"", "ac_theme_type":"0", "ac_custom_theme_color1":"", "ac_custom_theme_color2":""}
[2020/09/27 16:54:32] Array: {"file":"/www/wwwroot/default/zufang/sites/app/controller/wxapp/InitController.php", "line":570}
[2020/09/27 16:54:32] Number: 14110
[2020/09/27 16:54:32] Array: {"file":"/www/wwwroot/default/zufang/sites/app/controller/wxapp/InitController.php", "line":572}
[2020/09/27 16:54:32] Array: {"ac_id":"8321", "ac_s_id":"14110", "ac_type":"21", "ac_open_time":"1578886353", "ac_expire_time":"1736566353", "ac_active_time":"1601196872", "ac_self_renewal":"0", "ac_appid":"wxe57483a62f88b851", "ac_appsecret":"5e82039331ef57821aa822c456c5a090", "ac_access_token":"36_UUk8psbm3gF2Ml8cHpYOGNDV6bOaQGtfSKlfIkgLAkzeWwoJSrhSeseMFcmtSNW638-KD1FXYyMmkXpv0BNaBgmJ6XEKvAkeJ4vK8Jm43J4ho_Bs47j4-Naq8qRpeZaNmKn9Q_YCiLhiG7aBVRVhAFAJFJ", "ac_expires_in":"1597837876", "ac_auth_status":"0", "ac_auth_access_token":"", "ac_auth_expire_time":"0", "ac_auth_refresh_token":"", "ac_auth_business_domain":"", "ac_gh_id":"", "ac_service_type":"0", "ac_verify_type":"-1", "ac_name":"", "ac_avatar":"", "ac_principal":"", "ac_qrcode":"", "ac_wxacode":"", "ac_signature":"", "ac_category":"", "ac_bottom_menu":"", "ac_bottom_time":"0", "ac_navigation_bar":"", "ac_suspension_menu":"", "ac_suspension_menu_show":"0", "ac_index_menu":"", "ac_index_menu_title":"", "ac_index_menu_open":"0", "ac_domain_time":"0", "ac_func_scope":"", "ac_open_appid":"", "ac_mch_id":"", "ac_mch_key":"", "ac_index_tpl":"0", "ac_information_style":"5", "ac_insert_total":"0", "ac_insert_use":"0", "ac_aliapp_open":"0", "ac_share_open":"1", "ac_share_addr":"/upload/gallery/thumbnail/041B39AD-7CF0-5810-7FD8C4EF2A16-tbl.jpeg", "ac_share_custom":"1", "ac_share_title":"扫码有惊喜，好店在这里", "ac_share_cover":"/upload/gallery/thumbnail/EE2298CC-2848-3833-BEFCB26182BB-tbl.jpeg", "ac_kefu_open":"1", "ac_kefu_mobile":"1", "ac_phone_open":"1", "ac_version":"", "ac_base":"0", "ac_watermark":"", "ac_open_watermark":"1", "ac_receivable_code":"/public/build/ge750db0g0d55i86.jpg", "ac_open_greetings":"0", "ac_set_greetings":"", "ac_audit_sing_page":"0", "ac_audit_status":"0", "ac_audit_reason":"", "ac_audit_time":"0", "ac_audit_id":"0", "ac_audit_base":"0", "ac_audit_version":"", "ac_audit_auto":"0", "ac_experience_version":"", "ac_experience_base":"0", "ac_status":"0", "ac_enable_change":"0", "ac_app_key":"", "ac_appletad_open":"0", "ac_update_time":"1588932618", "ac_follow_open":"0", "ac_report_open":"1", "ac_suspension_menu_img":null, "ac_vip_grade":"0", "ac_vip_domain":null, "ac_post_follow_open":"0", "ac_watermark_img":"", "ac_theme_type":"0", "ac_custom_theme_color1":"", "ac_custom_theme_color2":""}
[2020/09/27 16:55:44] Array: {"file":"/www/wwwroot/default/zufang/sites/app/controller/applet/InitController.php", "line":431}
[2020/09/27 16:55:44] Number: 9
[2020/09/27 17:05:24] Array: {"file":"/www/wwwroot/default/zufang/sites/app/controller/applet/InitController.php", "line":431}
[2020/09/27 17:05:24] Number: 6
[2020/09/27 17:07:16] Array: {"file":"/www/wwwroot/default/zufang/sites/app/controller/wxapp/InitController.php", "line":570}
[2020/09/27 17:07:16] Number: 14110
[2020/09/27 17:07:16] Array: {"file":"/www/wwwroot/default/zufang/sites/app/controller/wxapp/InitController.php", "line":572}
[2020/09/27 17:07:16] Array: {"ac_id":"8321", "ac_s_id":"14110", "ac_type":"21", "ac_open_time":"1578886353", "ac_expire_time":"1736566353", "ac_active_time":"1601196872", "ac_self_renewal":"0", "ac_appid":"wxe57483a62f88b851", "ac_appsecret":"5e82039331ef57821aa822c456c5a090", "ac_access_token":"36_UUk8psbm3gF2Ml8cHpYOGNDV6bOaQGtfSKlfIkgLAkzeWwoJSrhSeseMFcmtSNW638-KD1FXYyMmkXpv0BNaBgmJ6XEKvAkeJ4vK8Jm43J4ho_Bs47j4-Naq8qRpeZaNmKn9Q_YCiLhiG7aBVRVhAFAJFJ", "ac_expires_in":"1597837876", "ac_auth_status":"0", "ac_auth_access_token":"", "ac_auth_expire_time":"0", "ac_auth_refresh_token":"", "ac_auth_business_domain":"", "ac_gh_id":"", "ac_service_type":"0", "ac_verify_type":"-1", "ac_name":"", "ac_avatar":"", "ac_principal":"", "ac_qrcode":"", "ac_wxacode":"", "ac_signature":"", "ac_category":"", "ac_bottom_menu":"", "ac_bottom_time":"0", "ac_navigation_bar":"", "ac_suspension_menu":"", "ac_suspension_menu_show":"0", "ac_index_menu":"", "ac_index_menu_title":"", "ac_index_menu_open":"0", "ac_domain_time":"0", "ac_func_scope":"", "ac_open_appid":"", "ac_mch_id":"", "ac_mch_key":"", "ac_index_tpl":"0", "ac_information_style":"5", "ac_insert_total":"0", "ac_insert_use":"0", "ac_aliapp_open":"0", "ac_share_open":"1", "ac_share_addr":"/upload/gallery/thumbnail/041B39AD-7CF0-5810-7FD8C4EF2A16-tbl.jpeg", "ac_share_custom":"1", "ac_share_title":"扫码有惊喜，好店在这里", "ac_share_cover":"/upload/gallery/thumbnail/EE2298CC-2848-3833-BEFCB26182BB-tbl.jpeg", "ac_kefu_open":"1", "ac_kefu_mobile":"1", "ac_phone_open":"1", "ac_version":"", "ac_base":"0", "ac_watermark":"", "ac_open_watermark":"1", "ac_receivable_code":"/public/build/ge750db0g0d55i86.jpg", "ac_open_greetings":"0", "ac_set_greetings":"", "ac_audit_sing_page":"0", "ac_audit_status":"0", "ac_audit_reason":"", "ac_audit_time":"0", "ac_audit_id":"0", "ac_audit_base":"0", "ac_audit_version":"", "ac_audit_auto":"0", "ac_experience_version":"", "ac_experience_base":"0", "ac_status":"0", "ac_enable_change":"0", "ac_app_key":"", "ac_appletad_open":"0", "ac_update_time":"1588932618", "ac_follow_open":"0", "ac_report_open":"1", "ac_suspension_menu_img":null, "ac_vip_grade":"0", "ac_vip_domain":null, "ac_post_follow_open":"0", "ac_watermark_img":"", "ac_theme_type":"0", "ac_custom_theme_color1":"", "ac_custom_theme_color2":""}
[2020/09/27 17:07:16] Array: {"file":"/www/wwwroot/default/zufang/sites/app/controller/wxapp/InitController.php", "line":570}
[2020/09/27 17:07:16] Number: 14110
[2020/09/27 17:07:16] Array: {"file":"/www/wwwroot/default/zufang/sites/app/controller/wxapp/InitController.php", "line":572}
[2020/09/27 17:07:16] Array: {"ac_id":"8321", "ac_s_id":"14110", "ac_type":"21", "ac_open_time":"1578886353", "ac_expire_time":"1736566353", "ac_active_time":"1601197636", "ac_self_renewal":"0", "ac_appid":"wxe57483a62f88b851", "ac_appsecret":"5e82039331ef57821aa822c456c5a090", "ac_access_token":"36_UUk8psbm3gF2Ml8cHpYOGNDV6bOaQGtfSKlfIkgLAkzeWwoJSrhSeseMFcmtSNW638-KD1FXYyMmkXpv0BNaBgmJ6XEKvAkeJ4vK8Jm43J4ho_Bs47j4-Naq8qRpeZaNmKn9Q_YCiLhiG7aBVRVhAFAJFJ", "ac_expires_in":"1597837876", "ac_auth_status":"0", "ac_auth_access_token":"", "ac_auth_expire_time":"0", "ac_auth_refresh_token":"", "ac_auth_business_domain":"", "ac_gh_id":"", "ac_service_type":"0", "ac_verify_type":"-1", "ac_name":"", "ac_avatar":"", "ac_principal":"", "ac_qrcode":"", "ac_wxacode":"", "ac_signature":"", "ac_category":"", "ac_bottom_menu":"", "ac_bottom_time":"0", "ac_navigation_bar":"", "ac_suspension_menu":"", "ac_suspension_menu_show":"0", "ac_index_menu":"", "ac_index_menu_title":"", "ac_index_menu_open":"0", "ac_domain_time":"0", "ac_func_scope":"", "ac_open_appid":"", "ac_mch_id":"", "ac_mch_key":"", "ac_index_tpl":"0", "ac_information_style":"5", "ac_insert_total":"0", "ac_insert_use":"0", "ac_aliapp_open":"0", "ac_share_open":"1", "ac_share_addr":"/upload/gallery/thumbnail/041B39AD-7CF0-5810-7FD8C4EF2A16-tbl.jpeg", "ac_share_custom":"1", "ac_share_title":"扫码有惊喜，好店在这里", "ac_share_cover":"/upload/gallery/thumbnail/EE2298CC-2848-3833-BEFCB26182BB-tbl.jpeg", "ac_kefu_open":"1", "ac_kefu_mobile":"1", "ac_phone_open":"1", "ac_version":"", "ac_base":"0", "ac_watermark":"", "ac_open_watermark":"1", "ac_receivable_code":"/public/build/ge750db0g0d55i86.jpg", "ac_open_greetings":"0", "ac_set_greetings":"", "ac_audit_sing_page":"0", "ac_audit_status":"0", "ac_audit_reason":"", "ac_audit_time":"0", "ac_audit_id":"0", "ac_audit_base":"0", "ac_audit_version":"", "ac_audit_auto":"0", "ac_experience_version":"", "ac_experience_base":"0", "ac_status":"0", "ac_enable_change":"0", "ac_app_key":"", "ac_appletad_open":"0", "ac_update_time":"1588932618", "ac_follow_open":"0", "ac_report_open":"1", "ac_suspension_menu_img":null, "ac_vip_grade":"0", "ac_vip_domain":null, "ac_post_follow_open":"0", "ac_watermark_img":"", "ac_theme_type":"0", "ac_custom_theme_color1":"", "ac_custom_theme_color2":""}
