[2020/09/28 20:42:38] Array: {"file":"/www/wwwroot/default/zufang/sites/app/helper/WeixinEvent.php", "line":62}
[2020/09/28 20:42:38] String: https://api.weixin.qq.com/sns/jscode2session?appid=wxe57483a62f88b851&secret=5e82039331ef57821aa822c456c5a090&js_code=0036nEFa1yWiHz0XU4Ja1HVQ8A26nEF4&grant_type=authorization_code
[2020/09/28 20:43:07] Array: {"file":"/www/wwwroot/default/zufang/sites/app/helper/WeixinEvent.php", "line":62}
[2020/09/28 20:43:07] String: https://api.weixin.qq.com/sns/jscode2session?appid=wxe57483a62f88b851&secret=5e82039331ef57821aa822c456c5a090&js_code=0110ytGa1tdGIz0CinGa1FwGF330ytGA&grant_type=authorization_code
[2020/09/28 20:45:18] Array: {"file":"/www/wwwroot/default/zufang/sites/app/helper/WeixinEvent.php", "line":62}
[2020/09/28 20:45:18] String: https://api.weixin.qq.com/sns/jscode2session?appid=wxe57483a62f88b851&secret=5e82039331ef57821aa822c456c5a090&js_code=011gJKGa1dZoIz0aWwHa1Fl0Ts1gJKGq&grant_type=authorization_code
[2020/09/28 20:47:47] Array: {"file":"/www/wwwroot/default/zufang/sites/app/helper/WeixinEvent.php", "line":62}
[2020/09/28 20:47:47] String: https://api.weixin.qq.com/sns/jscode2session?appid=wxe57483a62f88b851&secret=5e82039331ef57821aa822c456c5a090&js_code=083Dky0w3YCF2V2BND2w3gfDaM1Dky0k&grant_type=authorization_code
[2020/09/28 20:51:19] Array: {"file":"/www/wwwroot/default/zufang/sites/app/helper/WeixinEvent.php", "line":62}
[2020/09/28 20:51:19] String: https://api.weixin.qq.com/sns/jscode2session?appid=wxe57483a62f88b851&secret=5e82039331ef57821aa822c456c5a090&js_code=013Vr00w3Sn72V2CpD2w3YRYNq4Vr00x&grant_type=authorization_code
[2020/09/28 20:51:20] Array: {"file":"/www/wwwroot/default/zufang/sites/app/plugin/weixin/DecryptInfo.php", "line":20}
[2020/09/28 20:51:20] Number: 0
[2020/09/28 20:51:20] Array: {"file":"/www/wwwroot/default/zufang/sites/app/helper/WeixinEvent.php", "line":62}
[2020/09/28 20:51:20] String: https://api.weixin.qq.com/sns/jscode2session?appid=wxe57483a62f88b851&secret=5e82039331ef57821aa822c456c5a090&js_code=&grant_type=authorization_code
[2020/09/28 20:51:20] Array: {"file":"/www/wwwroot/default/zufang/sites/app/helper/WeixinEvent.php", "line":70}
[2020/09/28 20:51:20] Array: {"errcode":41008, "errmsg":"missing code, hints: [ req_id: zJNe3HqNe-TTnUHa ]"}
[2020/09/28 20:51:43] Array: {"file":"/www/wwwroot/default/zufang/sites/app/helper/WeixinEvent.php", "line":62}
[2020/09/28 20:51:43] String: https://api.weixin.qq.com/sns/jscode2session?appid=wxe57483a62f88b851&secret=5e82039331ef57821aa822c456c5a090&js_code=061mVEFa1SMdHz0s1PHa1H5JqE4mVEF4&grant_type=authorization_code
[2020/09/28 20:51:43] Array: {"file":"/www/wwwroot/default/zufang/sites/app/helper/WeixinEvent.php", "line":62}
[2020/09/28 20:51:43] String: https://api.weixin.qq.com/sns/jscode2session?appid=wxe57483a62f88b851&secret=5e82039331ef57821aa822c456c5a090&js_code=071mVEFa1SMdHz0SNPHa1dAanl2mVEFE&grant_type=authorization_code
[2020/09/28 21:00:55] Array: {"file":"/www/wwwroot/default/zufang/sites/app/controller/mobile/WxpayController.php", "line":408}
[2020/09/28 21:00:55] Array: {"return_code":"FAIL", "return_msg":"订单不存在，或已支付"}
[2020/09/28 21:02:00] Array: {"file":"/www/wwwroot/default/zufang/sites/app/controller/mobile/WxpayController.php", "line":408}
[2020/09/28 21:02:00] Array: {"return_code":"FAIL", "return_msg":"订单不存在，或已支付"}
