[2020/09/27 16:33:18] Array: {"file":"/www/wwwroot/default/zufang/sites/app/controller/applet/TradeController.php", "line":207}
[2020/09/27 16:33:18] Number: 3
[2020/09/27 16:33:18] Array: {"file":"/www/wwwroot/default/zufang/sites/app/controller/applet/TradeController.php", "line":208}
[2020/09/27 16:33:18] Number: 0
[2020/09/27 16:33:18] Array: {"file":"/www/wwwroot/default/zufang/sites/app/controller/applet/TradeController.php", "line":209}
[2020/09/27 16:33:18] Number: 0
[2020/09/27 16:33:18] Array: {"file":"/www/wwwroot/default/zufang/sites/app/controller/applet/TradeController.php", "line":210}
[2020/09/27 16:33:18] String: 2020
[2020/09/27 16:33:18] Array: {"file":"/www/wwwroot/default/zufang/sites/app/controller/applet/TradeController.php", "line":211}
[2020/09/27 16:33:18] String: 2022
[2020/09/27 16:33:48] Array: {"file":"/www/wwwroot/default/zufang/sites/app/controller/applet/TradeController.php", "line":310}
[2020/09/27 16:33:48] String: 14110202009276203308842
[2020/09/27 16:33:48] Array: {"file":"/www/wwwroot/default/zufang/sites/app/controller/applet/TradeController.php", "line":311}
[2020/09/27 16:33:48] String: 
[2020/09/27 16:33:48] Array: {"file":"/www/wwwroot/default/zufang/sites/app/controller/applet/TradeController.php", "line":312}
[2020/09/27 16:33:48] String: 白迪
[2020/09/27 16:33:48] Array: {"file":"/www/wwwroot/default/zufang/sites/app/controller/applet/TradeController.php", "line":313}
[2020/09/27 16:33:48] String: 15236096530
[2020/09/27 16:33:49] Array: {"file":"/www/wwwroot/default/zufang/sites/app/controller/applet/TradeController.php", "line":310}
[2020/09/27 16:33:49] String: 14110202009276203308842
[2020/09/27 16:33:49] Array: {"file":"/www/wwwroot/default/zufang/sites/app/controller/applet/TradeController.php", "line":311}
[2020/09/27 16:33:49] String: 
[2020/09/27 16:33:49] Array: {"file":"/www/wwwroot/default/zufang/sites/app/controller/applet/TradeController.php", "line":312}
[2020/09/27 16:33:49] String: 白迪
[2020/09/27 16:33:49] Array: {"file":"/www/wwwroot/default/zufang/sites/app/controller/applet/TradeController.php", "line":313}
[2020/09/27 16:33:49] String: 15236096530
[2020/09/27 16:33:53] Array: {"file":"/www/wwwroot/default/zufang/sites/app/controller/applet/TradeController.php", "line":207}
[2020/09/27 16:33:53] Number: 3
[2020/09/27 16:33:53] Array: {"file":"/www/wwwroot/default/zufang/sites/app/controller/applet/TradeController.php", "line":208}
[2020/09/27 16:33:53] Number: 0
[2020/09/27 16:33:53] Array: {"file":"/www/wwwroot/default/zufang/sites/app/controller/applet/TradeController.php", "line":209}
[2020/09/27 16:33:53] Number: 0
[2020/09/27 16:33:53] Array: {"file":"/www/wwwroot/default/zufang/sites/app/controller/applet/TradeController.php", "line":210}
[2020/09/27 16:33:53] String: 2020
[2020/09/27 16:33:53] Array: {"file":"/www/wwwroot/default/zufang/sites/app/controller/applet/TradeController.php", "line":211}
[2020/09/27 16:33:53] String: 2022
[2020/09/27 16:34:01] Array: {"file":"/www/wwwroot/default/zufang/sites/app/controller/applet/TradeController.php", "line":310}
[2020/09/27 16:34:01] String: 14110202009272492950860
[2020/09/27 16:34:01] Array: {"file":"/www/wwwroot/default/zufang/sites/app/controller/applet/TradeController.php", "line":311}
[2020/09/27 16:34:01] String: 
[2020/09/27 16:34:01] Array: {"file":"/www/wwwroot/default/zufang/sites/app/controller/applet/TradeController.php", "line":312}
[2020/09/27 16:34:01] String: 白迪
[2020/09/27 16:34:01] Array: {"file":"/www/wwwroot/default/zufang/sites/app/controller/applet/TradeController.php", "line":313}
[2020/09/27 16:34:01] String: 15236096530
[2020/09/27 16:37:36] Array: {"file":"/www/wwwroot/default/zufang/sites/app/controller/applet/TradeController.php", "line":207}
[2020/09/27 16:37:36] Number: 1
[2020/09/27 16:37:36] Array: {"file":"/www/wwwroot/default/zufang/sites/app/controller/applet/TradeController.php", "line":208}
[2020/09/27 16:37:36] Number: 2
[2020/09/27 16:37:36] Array: {"file":"/www/wwwroot/default/zufang/sites/app/controller/applet/TradeController.php", "line":209}
[2020/09/27 16:37:36] Number: 0
[2020/09/27 16:37:36] Array: {"file":"/www/wwwroot/default/zufang/sites/app/controller/applet/TradeController.php", "line":210}
[2020/09/27 16:37:36] String: 2020-03-01
[2020/09/27 16:37:36] Array: {"file":"/www/wwwroot/default/zufang/sites/app/controller/applet/TradeController.php", "line":211}
[2020/09/27 16:37:36] String: 2020-05-01
[2020/09/27 16:44:15] Array: {"file":"/www/wwwroot/default/zufang/sites/app/controller/applet/TradeController.php", "line":207}
[2020/09/27 16:44:15] Number: 3
[2020/09/27 16:44:15] Array: {"file":"/www/wwwroot/default/zufang/sites/app/controller/applet/TradeController.php", "line":208}
[2020/09/27 16:44:15] Number: 0
[2020/09/27 16:44:15] Array: {"file":"/www/wwwroot/default/zufang/sites/app/controller/applet/TradeController.php", "line":209}
[2020/09/27 16:44:15] Number: 0
[2020/09/27 16:44:15] Array: {"file":"/www/wwwroot/default/zufang/sites/app/controller/applet/TradeController.php", "line":210}
[2020/09/27 16:44:15] String: 2020
[2020/09/27 16:44:15] Array: {"file":"/www/wwwroot/default/zufang/sites/app/controller/applet/TradeController.php", "line":211}
[2020/09/27 16:44:15] String: 2021
[2020/09/27 16:52:32] Array: {"file":"/www/wwwroot/default/zufang/sites/app/controller/applet/TradeController.php", "line":207}
[2020/09/27 16:52:32] Number: 1
[2020/09/27 16:52:32] Array: {"file":"/www/wwwroot/default/zufang/sites/app/controller/applet/TradeController.php", "line":208}
[2020/09/27 16:52:32] Number: 2
[2020/09/27 16:52:32] Array: {"file":"/www/wwwroot/default/zufang/sites/app/controller/applet/TradeController.php", "line":209}
[2020/09/27 16:52:32] Number: 0
[2020/09/27 16:52:32] Array: {"file":"/www/wwwroot/default/zufang/sites/app/controller/applet/TradeController.php", "line":210}
[2020/09/27 16:52:32] String: 2020-03-01
[2020/09/27 16:52:32] Array: {"file":"/www/wwwroot/default/zufang/sites/app/controller/applet/TradeController.php", "line":211}
[2020/09/27 16:52:32] String: 2020-04-01
[2020/09/27 16:52:41] Array: {"file":"/www/wwwroot/default/zufang/sites/app/controller/applet/TradeController.php", "line":310}
[2020/09/27 16:52:41] String: 14110202009272735253372
[2020/09/27 16:52:41] Array: {"file":"/www/wwwroot/default/zufang/sites/app/controller/applet/TradeController.php", "line":311}
[2020/09/27 16:52:41] String: 
[2020/09/27 16:52:41] Array: {"file":"/www/wwwroot/default/zufang/sites/app/controller/applet/TradeController.php", "line":312}
[2020/09/27 16:52:41] String: 白迪
[2020/09/27 16:52:41] Array: {"file":"/www/wwwroot/default/zufang/sites/app/controller/applet/TradeController.php", "line":313}
[2020/09/27 16:52:41] String: 15236096630
