[2020/09/28 20:41:50] Array: {"file":"/www/wwwroot/default/zufang/libs/log/Error.php", "line":159}
[2020/09/28 20:41:50] Array: {"errortime":"2020-09-28 20:41:50", "errornum":2, "errortype":"警告", "errormsg":"Missing argument 1 for App_Model_Shop_MysqlShopCoreStorage::__construct(), called in /www/wwwroot/default/zufang/sites/app/controller/applet/InitController.php on line 186 and defined", "errorfile":"/www/wwwroot/default/zufang/sites/app/model/shop/MysqlShopCoreStorage.php", "errorline":16}
[2020/09/28 20:41:50] Array: {"file":"/www/wwwroot/default/zufang/libs/log/Error.php", "line":159}
[2020/09/28 20:41:50] Array: {"errortime":"2020-09-28 20:41:50", "errornum":2, "errortype":"警告", "errormsg":"Missing argument 1 for App_Model_Shop_MysqlShopCoreStorage::__construct(), called in /www/wwwroot/default/zufang/sites/app/controller/applet/InitController.php on line 186 and defined", "errorfile":"/www/wwwroot/default/zufang/sites/app/model/shop/MysqlShopCoreStorage.php", "errorline":16}
[2020/09/28 20:41:52] Array: {"file":"/www/wwwroot/default/zufang/libs/log/Error.php", "line":159}
[2020/09/28 20:41:52] Array: {"errortime":"2020-09-28 20:41:52", "errornum":2, "errortype":"警告", "errormsg":"Missing argument 1 for App_Model_Shop_MysqlShopCoreStorage::__construct(), called in /www/wwwroot/default/zufang/sites/app/controller/applet/InitController.php on line 186 and defined", "errorfile":"/www/wwwroot/default/zufang/sites/app/model/shop/MysqlShopCoreStorage.php", "errorline":16}
[2020/09/28 20:42:38] Array: {"file":"/www/wwwroot/default/zufang/libs/log/Error.php", "line":159}
[2020/09/28 20:42:38] Array: {"errortime":"2020-09-28 20:42:38", "errornum":2, "errortype":"警告", "errormsg":"Missing argument 1 for App_Model_Shop_MysqlShopCoreStorage::__construct(), called in /www/wwwroot/default/zufang/sites/app/controller/applet/InitController.php on line 186 and defined", "errorfile":"/www/wwwroot/default/zufang/sites/app/model/shop/MysqlShopCoreStorage.php", "errorline":16}
[2020/09/28 20:42:38] Array: {"file":"/www/wwwroot/default/zufang/libs/log/Error.php", "line":159}
[2020/09/28 20:42:38] Array: {"errortime":"2020-09-28 20:42:38", "errornum":2, "errortype":"警告", "errormsg":"Missing argument 1 for App_Model_Shop_MysqlShopCoreStorage::__construct(), called in /www/wwwroot/default/zufang/sites/app/controller/applet/InitController.php on line 186 and defined", "errorfile":"/www/wwwroot/default/zufang/sites/app/model/shop/MysqlShopCoreStorage.php", "errorline":16}
[2020/09/28 20:42:40] Array: {"file":"/www/wwwroot/default/zufang/libs/log/Error.php", "line":159}
[2020/09/28 20:42:40] Array: {"errortime":"2020-09-28 20:42:40", "errornum":2, "errortype":"警告", "errormsg":"Missing argument 1 for App_Model_Shop_MysqlShopCoreStorage::__construct(), called in /www/wwwroot/default/zufang/sites/app/controller/applet/InitController.php on line 186 and defined", "errorfile":"/www/wwwroot/default/zufang/sites/app/model/shop/MysqlShopCoreStorage.php", "errorline":16}
[2020/09/28 20:43:07] Array: {"file":"/www/wwwroot/default/zufang/libs/log/Error.php", "line":159}
[2020/09/28 20:43:07] Array: {"errortime":"2020-09-28 20:43:07", "errornum":2, "errortype":"警告", "errormsg":"Missing argument 1 for App_Model_Shop_MysqlShopCoreStorage::__construct(), called in /www/wwwroot/default/zufang/sites/app/controller/applet/InitController.php on line 186 and defined", "errorfile":"/www/wwwroot/default/zufang/sites/app/model/shop/MysqlShopCoreStorage.php", "errorline":16}
[2020/09/28 20:43:07] Array: {"file":"/www/wwwroot/default/zufang/libs/log/Error.php", "line":159}
[2020/09/28 20:43:07] Array: {"errortime":"2020-09-28 20:43:07", "errornum":2, "errortype":"警告", "errormsg":"Missing argument 1 for App_Model_Shop_MysqlShopCoreStorage::__construct(), called in /www/wwwroot/default/zufang/sites/app/controller/applet/InitController.php on line 186 and defined", "errorfile":"/www/wwwroot/default/zufang/sites/app/model/shop/MysqlShopCoreStorage.php", "errorline":16}
[2020/09/28 20:45:17] Array: {"file":"/www/wwwroot/default/zufang/libs/log/Error.php", "line":159}
[2020/09/28 20:45:17] Array: {"errortime":"2020-09-28 20:45:17", "errornum":2, "errortype":"警告", "errormsg":"Missing argument 1 for App_Model_Shop_MysqlShopCoreStorage::__construct(), called in /www/wwwroot/default/zufang/sites/app/controller/applet/InitController.php on line 186 and defined", "errorfile":"/www/wwwroot/default/zufang/sites/app/model/shop/MysqlShopCoreStorage.php", "errorline":16}
[2020/09/28 20:45:18] Array: {"file":"/www/wwwroot/default/zufang/libs/log/Error.php", "line":159}
[2020/09/28 20:45:18] Array: {"errortime":"2020-09-28 20:45:18", "errornum":2, "errortype":"警告", "errormsg":"Missing argument 1 for App_Model_Shop_MysqlShopCoreStorage::__construct(), called in /www/wwwroot/default/zufang/sites/app/controller/applet/InitController.php on line 186 and defined", "errorfile":"/www/wwwroot/default/zufang/sites/app/model/shop/MysqlShopCoreStorage.php", "errorline":16}
[2020/09/28 20:45:24] Array: {"file":"/www/wwwroot/default/zufang/libs/log/Error.php", "line":159}
[2020/09/28 20:45:24] Array: {"errortime":"2020-09-28 20:45:24", "errornum":2, "errortype":"警告", "errormsg":"Missing argument 1 for App_Model_Shop_MysqlShopCoreStorage::__construct(), called in /www/wwwroot/default/zufang/sites/app/controller/applet/InitController.php on line 186 and defined", "errorfile":"/www/wwwroot/default/zufang/sites/app/model/shop/MysqlShopCoreStorage.php", "errorline":16}
[2020/09/28 20:45:32] Array: {"file":"/www/wwwroot/default/zufang/libs/log/Error.php", "line":159}
[2020/09/28 20:45:32] Array: {"errortime":"2020-09-28 20:45:32", "errornum":2, "errortype":"警告", "errormsg":"Missing argument 1 for App_Model_Shop_MysqlShopCoreStorage::__construct(), called in /www/wwwroot/default/zufang/sites/app/controller/applet/InitController.php on line 186 and defined", "errorfile":"/www/wwwroot/default/zufang/sites/app/model/shop/MysqlShopCoreStorage.php", "errorline":16}
[2020/09/28 20:45:39] Array: {"file":"/www/wwwroot/default/zufang/libs/log/Error.php", "line":159}
[2020/09/28 20:45:39] Array: {"errortime":"2020-09-28 20:45:39", "errornum":2, "errortype":"警告", "errormsg":"Missing argument 1 for App_Model_Shop_MysqlShopCoreStorage::__construct(), called in /www/wwwroot/default/zufang/sites/app/controller/applet/InitController.php on line 186 and defined", "errorfile":"/www/wwwroot/default/zufang/sites/app/model/shop/MysqlShopCoreStorage.php", "errorline":16}
[2020/09/28 20:47:47] Array: {"file":"/www/wwwroot/default/zufang/libs/log/Error.php", "line":159}
[2020/09/28 20:47:47] Array: {"errortime":"2020-09-28 20:47:47", "errornum":2, "errortype":"警告", "errormsg":"Missing argument 1 for App_Model_Shop_MysqlShopCoreStorage::__construct(), called in /www/wwwroot/default/zufang/sites/app/controller/applet/InitController.php on line 186 and defined", "errorfile":"/www/wwwroot/default/zufang/sites/app/model/shop/MysqlShopCoreStorage.php", "errorline":16}
[2020/09/28 20:47:47] Array: {"file":"/www/wwwroot/default/zufang/libs/log/Error.php", "line":159}
[2020/09/28 20:47:47] Array: {"errortime":"2020-09-28 20:47:47", "errornum":2, "errortype":"警告", "errormsg":"Missing argument 1 for App_Model_Shop_MysqlShopCoreStorage::__construct(), called in /www/wwwroot/default/zufang/sites/app/controller/applet/InitController.php on line 186 and defined", "errorfile":"/www/wwwroot/default/zufang/sites/app/model/shop/MysqlShopCoreStorage.php", "errorline":16}
[2020/09/28 20:47:49] Array: {"file":"/www/wwwroot/default/zufang/libs/log/Error.php", "line":159}
[2020/09/28 20:47:49] Array: {"errortime":"2020-09-28 20:47:49", "errornum":2, "errortype":"警告", "errormsg":"Missing argument 1 for App_Model_Shop_MysqlShopCoreStorage::__construct(), called in /www/wwwroot/default/zufang/sites/app/controller/applet/InitController.php on line 186 and defined", "errorfile":"/www/wwwroot/default/zufang/sites/app/model/shop/MysqlShopCoreStorage.php", "errorline":16}
[2020/09/28 20:50:04] Array: {"file":"/www/wwwroot/default/zufang/libs/log/Error.php", "line":159}
[2020/09/28 20:50:04] Array: {"errortime":"2020-09-28 20:50:04", "errornum":2, "errortype":"警告", "errormsg":"Missing argument 1 for App_Model_Shop_MysqlShopCoreStorage::__construct(), called in /www/wwwroot/default/zufang/sites/app/controller/wxapp/InitController.php on line 430 and defined", "errorfile":"/www/wwwroot/default/zufang/sites/app/model/shop/MysqlShopCoreStorage.php", "errorline":16}
[2020/09/28 20:50:04] Array: {"file":"/www/wwwroot/default/zufang/libs/log/Error.php", "line":159}
[2020/09/28 20:50:04] Array: {"errortime":"2020-09-28 20:50:04", "errornum":2, "errortype":"警告", "errormsg":"Missing argument 1 for App_Model_Shop_MysqlShopCoreStorage::__construct(), called in /www/wwwroot/default/zufang/sites/app/controller/wxapp/InitController.php on line 506 and defined", "errorfile":"/www/wwwroot/default/zufang/sites/app/model/shop/MysqlShopCoreStorage.php", "errorline":16}
[2020/09/28 20:50:04] Array: {"file":"/www/wwwroot/default/zufang/libs/log/Error.php", "line":159}
[2020/09/28 20:50:04] Array: {"errortime":"2020-09-28 20:50:04", "errornum":2, "errortype":"警告", "errormsg":"Illegal string offset \u0027css_link\u0027", "errorfile":"/www/wwwroot/default/zufang/sites/app/controller/wxapp/InitController.php", "errorline":89}
[2020/09/28 20:50:04] Array: {"file":"/www/wwwroot/default/zufang/libs/log/Error.php", "line":159}
[2020/09/28 20:50:04] Array: {"errortime":"2020-09-28 20:50:04", "errornum":2, "errortype":"警告", "errormsg":"Illegal string offset \u0027css_link\u0027", "errorfile":"/www/wwwroot/default/zufang/sites/app/controller/wxapp/InitController.php", "errorline":90}
[2020/09/28 20:50:05] Array: {"file":"/www/wwwroot/default/zufang/libs/log/Error.php", "line":159}
[2020/09/28 20:50:05] Array: {"errortime":"2020-09-28 20:50:05", "errornum":2, "errortype":"警告", "errormsg":"Missing argument 1 for App_Model_Shop_MysqlShopCoreStorage::__construct(), called in /www/wwwroot/default/zufang/sites/app/controller/wxapp/InitController.php on line 430 and defined", "errorfile":"/www/wwwroot/default/zufang/sites/app/model/shop/MysqlShopCoreStorage.php", "errorline":16}
[2020/09/28 20:50:05] Array: {"file":"/www/wwwroot/default/zufang/libs/log/Error.php", "line":159}
[2020/09/28 20:50:05] Array: {"errortime":"2020-09-28 20:50:05", "errornum":2, "errortype":"警告", "errormsg":"Missing argument 1 for App_Model_Shop_MysqlShopCoreStorage::__construct(), called in /www/wwwroot/default/zufang/sites/app/controller/wxapp/InitController.php on line 506 and defined", "errorfile":"/www/wwwroot/default/zufang/sites/app/model/shop/MysqlShopCoreStorage.php", "errorline":16}
[2020/09/28 20:50:05] Array: {"file":"/www/wwwroot/default/zufang/libs/log/Error.php", "line":159}
[2020/09/28 20:50:05] Array: {"errortime":"2020-09-28 20:50:05", "errornum":2, "errortype":"警告", "errormsg":"Illegal string offset \u0027css_link\u0027", "errorfile":"/www/wwwroot/default/zufang/sites/app/controller/wxapp/InitController.php", "errorline":89}
[2020/09/28 20:50:05] Array: {"file":"/www/wwwroot/default/zufang/libs/log/Error.php", "line":159}
[2020/09/28 20:50:05] Array: {"errortime":"2020-09-28 20:50:05", "errornum":2, "errortype":"警告", "errormsg":"Illegal string offset \u0027css_link\u0027", "errorfile":"/www/wwwroot/default/zufang/sites/app/controller/wxapp/InitController.php", "errorline":90}
[2020/09/28 20:50:05] Array: {"file":"/www/wwwroot/default/zufang/libs/log/Error.php", "line":159}
[2020/09/28 20:50:05] Array: {"errortime":"2020-09-28 20:50:05", "errornum":2, "errortype":"警告", "errormsg":"include_once(/www/wwwroot/default/zufang/sites/app/controller/site/PublicController.php): failed to open stream: No such file or directory", "errorfile":"/www/wwwroot/default/zufang/bootstrap/autoload.inc", "errorline":22}
[2020/09/28 20:50:05] Array: {"file":"/www/wwwroot/default/zufang/libs/log/Error.php", "line":159}
[2020/09/28 20:50:05] Array: {"errortime":"2020-09-28 20:50:05", "errornum":2, "errortype":"警告", "errormsg":"include_once(): Failed opening \u0027/www/wwwroot/default/zufang/sites/app/controller/site/PublicController.php\u0027 for inclusion (include_path=\u0027.:/www/server/php/56/lib/php\u0027)", "errorfile":"/www/wwwroot/default/zufang/bootstrap/autoload.inc", "errorline":22}
[2020/09/28 20:50:13] Array: {"file":"/www/wwwroot/default/zufang/libs/log/Error.php", "line":159}
[2020/09/28 20:50:13] Array: {"errortime":"2020-09-28 20:50:13", "errornum":2, "errortype":"警告", "errormsg":"include_once(/www/wwwroot/default/zufang/sites/app/controller/site/PublicController.php): failed to open stream: No such file or directory", "errorfile":"/www/wwwroot/default/zufang/bootstrap/autoload.inc", "errorline":22}
[2020/09/28 20:50:13] Array: {"file":"/www/wwwroot/default/zufang/libs/log/Error.php", "line":159}
[2020/09/28 20:50:13] Array: {"errortime":"2020-09-28 20:50:13", "errornum":2, "errortype":"警告", "errormsg":"include_once(): Failed opening \u0027/www/wwwroot/default/zufang/sites/app/controller/site/PublicController.php\u0027 for inclusion (include_path=\u0027.:/www/server/php/56/lib/php\u0027)", "errorfile":"/www/wwwroot/default/zufang/bootstrap/autoload.inc", "errorline":22}
[2020/09/28 20:50:24] Array: {"file":"/www/wwwroot/default/zufang/libs/log/Error.php", "line":159}
[2020/09/28 20:50:24] Array: {"errortime":"2020-09-28 20:50:24", "errornum":2, "errortype":"警告", "errormsg":"Missing argument 1 for App_Model_Shop_MysqlShopCoreStorage::__construct(), called in /www/wwwroot/default/zufang/sites/app/controller/wxapp/InitController.php on line 430 and defined", "errorfile":"/www/wwwroot/default/zufang/sites/app/model/shop/MysqlShopCoreStorage.php", "errorline":16}
[2020/09/28 20:50:24] Array: {"file":"/www/wwwroot/default/zufang/libs/log/Error.php", "line":159}
[2020/09/28 20:50:24] Array: {"errortime":"2020-09-28 20:50:24", "errornum":2, "errortype":"警告", "errormsg":"Missing argument 1 for App_Model_Shop_MysqlShopCoreStorage::__construct(), called in /www/wwwroot/default/zufang/sites/app/controller/wxapp/InitController.php on line 506 and defined", "errorfile":"/www/wwwroot/default/zufang/sites/app/model/shop/MysqlShopCoreStorage.php", "errorline":16}
[2020/09/28 20:50:24] Array: {"file":"/www/wwwroot/default/zufang/libs/log/Error.php", "line":159}
[2020/09/28 20:50:24] Array: {"errortime":"2020-09-28 20:50:24", "errornum":2, "errortype":"警告", "errormsg":"Illegal string offset \u0027css_link\u0027", "errorfile":"/www/wwwroot/default/zufang/sites/app/controller/wxapp/InitController.php", "errorline":89}
[2020/09/28 20:50:24] Array: {"file":"/www/wwwroot/default/zufang/libs/log/Error.php", "line":159}
[2020/09/28 20:50:24] Array: {"errortime":"2020-09-28 20:50:24", "errornum":2, "errortype":"警告", "errormsg":"Illegal string offset \u0027css_link\u0027", "errorfile":"/www/wwwroot/default/zufang/sites/app/controller/wxapp/InitController.php", "errorline":90}
[2020/09/28 20:50:24] Array: {"file":"/www/wwwroot/default/zufang/libs/log/Error.php", "line":159}
[2020/09/28 20:50:24] Array: {"errortime":"2020-09-28 20:50:24", "errornum":2, "errortype":"警告", "errormsg":"Missing argument 1 for App_Model_Shop_MysqlShopCoreStorage::__construct(), called in /www/wwwroot/default/zufang/sites/app/controller/wxapp/InitController.php on line 430 and defined", "errorfile":"/www/wwwroot/default/zufang/sites/app/model/shop/MysqlShopCoreStorage.php", "errorline":16}
[2020/09/28 20:50:24] Array: {"file":"/www/wwwroot/default/zufang/libs/log/Error.php", "line":159}
[2020/09/28 20:50:24] Array: {"errortime":"2020-09-28 20:50:24", "errornum":2, "errortype":"警告", "errormsg":"Missing argument 1 for App_Model_Shop_MysqlShopCoreStorage::__construct(), called in /www/wwwroot/default/zufang/sites/app/controller/wxapp/InitController.php on line 506 and defined", "errorfile":"/www/wwwroot/default/zufang/sites/app/model/shop/MysqlShopCoreStorage.php", "errorline":16}
[2020/09/28 20:50:24] Array: {"file":"/www/wwwroot/default/zufang/libs/log/Error.php", "line":159}
[2020/09/28 20:50:24] Array: {"errortime":"2020-09-28 20:50:24", "errornum":2, "errortype":"警告", "errormsg":"Illegal string offset \u0027css_link\u0027", "errorfile":"/www/wwwroot/default/zufang/sites/app/controller/wxapp/InitController.php", "errorline":89}
[2020/09/28 20:50:24] Array: {"file":"/www/wwwroot/default/zufang/libs/log/Error.php", "line":159}
[2020/09/28 20:50:24] Array: {"errortime":"2020-09-28 20:50:24", "errornum":2, "errortype":"警告", "errormsg":"Illegal string offset \u0027css_link\u0027", "errorfile":"/www/wwwroot/default/zufang/sites/app/controller/wxapp/InitController.php", "errorline":90}
[2020/09/28 20:50:24] Array: {"file":"/www/wwwroot/default/zufang/libs/log/Error.php", "line":159}
[2020/09/28 20:50:24] Array: {"errortime":"2020-09-28 20:50:24", "errornum":2, "errortype":"警告", "errormsg":"include_once(/www/wwwroot/default/zufang/sites/app/controller/site/PublicController.php): failed to open stream: No such file or directory", "errorfile":"/www/wwwroot/default/zufang/bootstrap/autoload.inc", "errorline":22}
[2020/09/28 20:50:24] Array: {"file":"/www/wwwroot/default/zufang/libs/log/Error.php", "line":159}
[2020/09/28 20:50:24] Array: {"errortime":"2020-09-28 20:50:24", "errornum":2, "errortype":"警告", "errormsg":"include_once(): Failed opening \u0027/www/wwwroot/default/zufang/sites/app/controller/site/PublicController.php\u0027 for inclusion (include_path=\u0027.:/www/server/php/56/lib/php\u0027)", "errorfile":"/www/wwwroot/default/zufang/bootstrap/autoload.inc", "errorline":22}
[2020/09/28 20:50:46] Array: {"file":"/www/wwwroot/default/zufang/libs/log/Error.php", "line":159}
[2020/09/28 20:50:46] Array: {"errortime":"2020-09-28 20:50:46", "errornum":2, "errortype":"警告", "errormsg":"Missing argument 1 for App_Model_Shop_MysqlShopCoreStorage::__construct(), called in /www/wwwroot/default/zufang/sites/app/controller/applet/InitController.php on line 186 and defined", "errorfile":"/www/wwwroot/default/zufang/sites/app/model/shop/MysqlShopCoreStorage.php", "errorline":16}
[2020/09/28 20:50:46] Array: {"file":"/www/wwwroot/default/zufang/libs/log/Error.php", "line":159}
[2020/09/28 20:50:46] Array: {"errortime":"2020-09-28 20:50:46", "errornum":2, "errortype":"警告", "errormsg":"Missing argument 1 for App_Model_Shop_MysqlShopCoreStorage::__construct(), called in /www/wwwroot/default/zufang/sites/app/controller/applet/InitController.php on line 186 and defined", "errorfile":"/www/wwwroot/default/zufang/sites/app/model/shop/MysqlShopCoreStorage.php", "errorline":16}
[2020/09/28 20:50:59] Array: {"file":"/www/wwwroot/default/zufang/libs/log/Error.php", "line":159}
[2020/09/28 20:50:59] Array: {"errortime":"2020-09-28 20:50:59", "errornum":2, "errortype":"警告", "errormsg":"Missing argument 1 for App_Model_Shop_MysqlShopCoreStorage::__construct(), called in /www/wwwroot/default/zufang/sites/app/controller/applet/InitController.php on line 186 and defined", "errorfile":"/www/wwwroot/default/zufang/sites/app/model/shop/MysqlShopCoreStorage.php", "errorline":16}
[2020/09/28 20:51:01] Array: {"file":"/www/wwwroot/default/zufang/libs/log/Error.php", "line":159}
[2020/09/28 20:51:01] Array: {"errortime":"2020-09-28 20:51:01", "errornum":2, "errortype":"警告", "errormsg":"Missing argument 1 for App_Model_Shop_MysqlShopCoreStorage::__construct(), called in /www/wwwroot/default/zufang/sites/app/controller/applet/InitController.php on line 186 and defined", "errorfile":"/www/wwwroot/default/zufang/sites/app/model/shop/MysqlShopCoreStorage.php", "errorline":16}
[2020/09/28 20:51:02] Array: {"file":"/www/wwwroot/default/zufang/libs/log/Error.php", "line":159}
[2020/09/28 20:51:02] Array: {"errortime":"2020-09-28 20:51:02", "errornum":2, "errortype":"警告", "errormsg":"Missing argument 1 for App_Model_Shop_MysqlShopCoreStorage::__construct(), called in /www/wwwroot/default/zufang/sites/app/controller/applet/InitController.php on line 186 and defined", "errorfile":"/www/wwwroot/default/zufang/sites/app/model/shop/MysqlShopCoreStorage.php", "errorline":16}
[2020/09/28 20:51:09] Array: {"file":"/www/wwwroot/default/zufang/libs/log/Error.php", "line":159}
[2020/09/28 20:51:09] Array: {"errortime":"2020-09-28 20:51:09", "errornum":2, "errortype":"警告", "errormsg":"Missing argument 1 for App_Model_Shop_MysqlShopCoreStorage::__construct(), called in /www/wwwroot/default/zufang/sites/app/controller/applet/InitController.php on line 186 and defined", "errorfile":"/www/wwwroot/default/zufang/sites/app/model/shop/MysqlShopCoreStorage.php", "errorline":16}
[2020/09/28 20:51:09] Array: {"file":"/www/wwwroot/default/zufang/libs/log/Error.php", "line":159}
[2020/09/28 20:51:09] Array: {"errortime":"2020-09-28 20:51:09", "errornum":2, "errortype":"警告", "errormsg":"Missing argument 1 for App_Model_Shop_MysqlShopCoreStorage::__construct(), called in /www/wwwroot/default/zufang/sites/app/controller/applet/InitController.php on line 186 and defined", "errorfile":"/www/wwwroot/default/zufang/sites/app/model/shop/MysqlShopCoreStorage.php", "errorline":16}
[2020/09/28 20:51:15] Array: {"file":"/www/wwwroot/default/zufang/libs/log/Error.php", "line":159}
[2020/09/28 20:51:15] Array: {"errortime":"2020-09-28 20:51:15", "errornum":2, "errortype":"警告", "errormsg":"Missing argument 1 for App_Model_Shop_MysqlShopCoreStorage::__construct(), called in /www/wwwroot/default/zufang/sites/app/controller/applet/InitController.php on line 186 and defined", "errorfile":"/www/wwwroot/default/zufang/sites/app/model/shop/MysqlShopCoreStorage.php", "errorline":16}
[2020/09/28 20:51:19] Array: {"file":"/www/wwwroot/default/zufang/libs/log/Error.php", "line":159}
[2020/09/28 20:51:19] Array: {"errortime":"2020-09-28 20:51:19", "errornum":2, "errortype":"警告", "errormsg":"Missing argument 1 for App_Model_Shop_MysqlShopCoreStorage::__construct(), called in /www/wwwroot/default/zufang/sites/app/controller/applet/InitController.php on line 186 and defined", "errorfile":"/www/wwwroot/default/zufang/sites/app/model/shop/MysqlShopCoreStorage.php", "errorline":16}
[2020/09/28 20:51:20] Array: {"file":"/www/wwwroot/default/zufang/libs/log/Error.php", "line":159}
[2020/09/28 20:51:20] Array: {"errortime":"2020-09-28 20:51:20", "errornum":2, "errortype":"警告", "errormsg":"Missing argument 1 for App_Model_Shop_MysqlShopCoreStorage::__construct(), called in /www/wwwroot/default/zufang/sites/app/controller/applet/InitController.php on line 186 and defined", "errorfile":"/www/wwwroot/default/zufang/sites/app/model/shop/MysqlShopCoreStorage.php", "errorline":16}
[2020/09/28 20:51:20] Array: {"file":"/www/wwwroot/default/zufang/libs/log/Error.php", "line":159}
[2020/09/28 20:51:20] Array: {"errortime":"2020-09-28 20:51:20", "errornum":512, "errortype":"用户级警告", "errormsg":"店铺绑定的微信账号未设置，请核实！sid==8941", "errorfile":"/www/wwwroot/default/zufang/sites/app/plugin/weixin/WxxcxClient.php", "errorline":109}
[2020/09/28 20:51:20] Array: {"file":"/www/wwwroot/default/zufang/libs/log/Error.php", "line":159}
[2020/09/28 20:51:20] Array: {"errortime":"2020-09-28 20:51:20", "errornum":2, "errortype":"警告", "errormsg":"file_put_contents(/www/wwwroot/default/zufang/upload/depot/thumbnail/F3CEDAFD-5DDD-1855-C6F6F6C8E6AE.png): failed to open stream: No such file or directory", "errorfile":"/www/wwwroot/default/zufang/sites/app/controller/applet/MemberController.php", "errorline":718}
[2020/09/28 20:51:24] Array: {"file":"/www/wwwroot/default/zufang/libs/log/Error.php", "line":159}
[2020/09/28 20:51:24] Array: {"errortime":"2020-09-28 20:51:24", "errornum":2, "errortype":"警告", "errormsg":"Missing argument 1 for App_Model_Shop_MysqlShopCoreStorage::__construct(), called in /www/wwwroot/default/zufang/sites/app/controller/applet/InitController.php on line 186 and defined", "errorfile":"/www/wwwroot/default/zufang/sites/app/model/shop/MysqlShopCoreStorage.php", "errorline":16}
[2020/09/28 20:51:43] Array: {"file":"/www/wwwroot/default/zufang/libs/log/Error.php", "line":159}
[2020/09/28 20:51:43] Array: {"errortime":"2020-09-28 20:51:43", "errornum":2, "errortype":"警告", "errormsg":"Missing argument 1 for App_Model_Shop_MysqlShopCoreStorage::__construct(), called in /www/wwwroot/default/zufang/sites/app/controller/applet/InitController.php on line 186 and defined", "errorfile":"/www/wwwroot/default/zufang/sites/app/model/shop/MysqlShopCoreStorage.php", "errorline":16}
[2020/09/28 20:51:43] Array: {"file":"/www/wwwroot/default/zufang/libs/log/Error.php", "line":159}
[2020/09/28 20:51:43] Array: {"errortime":"2020-09-28 20:51:43", "errornum":2, "errortype":"警告", "errormsg":"Missing argument 1 for App_Model_Shop_MysqlShopCoreStorage::__construct(), called in /www/wwwroot/default/zufang/sites/app/controller/applet/InitController.php on line 186 and defined", "errorfile":"/www/wwwroot/default/zufang/sites/app/model/shop/MysqlShopCoreStorage.php", "errorline":16}
[2020/09/28 20:51:43] Array: {"file":"/www/wwwroot/default/zufang/libs/log/Error.php", "line":159}
[2020/09/28 20:51:43] Array: {"errortime":"2020-09-28 20:51:43", "errornum":2, "errortype":"警告", "errormsg":"Missing argument 1 for App_Model_Shop_MysqlShopCoreStorage::__construct(), called in /www/wwwroot/default/zufang/sites/app/controller/applet/InitController.php on line 186 and defined", "errorfile":"/www/wwwroot/default/zufang/sites/app/model/shop/MysqlShopCoreStorage.php", "errorline":16}
[2020/09/28 20:51:43] Array: {"file":"/www/wwwroot/default/zufang/libs/log/Error.php", "line":159}
[2020/09/28 20:51:43] Array: {"errortime":"2020-09-28 20:51:43", "errornum":2, "errortype":"警告", "errormsg":"Missing argument 1 for App_Model_Shop_MysqlShopCoreStorage::__construct(), called in /www/wwwroot/default/zufang/sites/app/controller/applet/InitController.php on line 186 and defined", "errorfile":"/www/wwwroot/default/zufang/sites/app/model/shop/MysqlShopCoreStorage.php", "errorline":16}
[2020/09/28 20:51:47] Array: {"file":"/www/wwwroot/default/zufang/libs/log/Error.php", "line":159}
[2020/09/28 20:51:47] Array: {"errortime":"2020-09-28 20:51:47", "errornum":2, "errortype":"警告", "errormsg":"Missing argument 1 for App_Model_Shop_MysqlShopCoreStorage::__construct(), called in /www/wwwroot/default/zufang/sites/app/controller/applet/InitController.php on line 186 and defined", "errorfile":"/www/wwwroot/default/zufang/sites/app/model/shop/MysqlShopCoreStorage.php", "errorline":16}
[2020/09/28 20:51:51] Array: {"file":"/www/wwwroot/default/zufang/libs/log/Error.php", "line":159}
[2020/09/28 20:51:51] Array: {"errortime":"2020-09-28 20:51:51", "errornum":2, "errortype":"警告", "errormsg":"Missing argument 1 for App_Model_Shop_MysqlShopCoreStorage::__construct(), called in /www/wwwroot/default/zufang/sites/app/controller/applet/InitController.php on line 186 and defined", "errorfile":"/www/wwwroot/default/zufang/sites/app/model/shop/MysqlShopCoreStorage.php", "errorline":16}
[2020/09/28 20:51:54] Array: {"file":"/www/wwwroot/default/zufang/libs/log/Error.php", "line":159}
[2020/09/28 20:51:54] Array: {"errortime":"2020-09-28 20:51:54", "errornum":2, "errortype":"警告", "errormsg":"Missing argument 1 for App_Model_Shop_MysqlShopCoreStorage::__construct(), called in /www/wwwroot/default/zufang/sites/app/controller/applet/InitController.php on line 186 and defined", "errorfile":"/www/wwwroot/default/zufang/sites/app/model/shop/MysqlShopCoreStorage.php", "errorline":16}
[2020/09/28 20:51:56] Array: {"file":"/www/wwwroot/default/zufang/libs/log/Error.php", "line":159}
[2020/09/28 20:51:56] Array: {"errortime":"2020-09-28 20:51:56", "errornum":2, "errortype":"警告", "errormsg":"Missing argument 1 for App_Model_Shop_MysqlShopCoreStorage::__construct(), called in /www/wwwroot/default/zufang/sites/app/controller/applet/InitController.php on line 186 and defined", "errorfile":"/www/wwwroot/default/zufang/sites/app/model/shop/MysqlShopCoreStorage.php", "errorline":16}
[2020/09/28 20:52:00] Array: {"file":"/www/wwwroot/default/zufang/libs/log/Error.php", "line":159}
[2020/09/28 20:52:00] Array: {"errortime":"2020-09-28 20:52:00", "errornum":2, "errortype":"警告", "errormsg":"Missing argument 1 for App_Model_Shop_MysqlShopCoreStorage::__construct(), called in /www/wwwroot/default/zufang/sites/app/controller/applet/InitController.php on line 186 and defined", "errorfile":"/www/wwwroot/default/zufang/sites/app/model/shop/MysqlShopCoreStorage.php", "errorline":16}
[2020/09/28 20:52:04] Array: {"file":"/www/wwwroot/default/zufang/libs/log/Error.php", "line":159}
[2020/09/28 20:52:04] Array: {"errortime":"2020-09-28 20:52:04", "errornum":2, "errortype":"警告", "errormsg":"Missing argument 1 for App_Model_Shop_MysqlShopCoreStorage::__construct(), called in /www/wwwroot/default/zufang/sites/app/controller/applet/InitController.php on line 186 and defined", "errorfile":"/www/wwwroot/default/zufang/sites/app/model/shop/MysqlShopCoreStorage.php", "errorline":16}
[2020/09/28 20:52:04] Array: {"file":"/www/wwwroot/default/zufang/libs/log/Error.php", "line":159}
[2020/09/28 20:52:04] Array: {"errortime":"2020-09-28 20:52:04", "errornum":2, "errortype":"警告", "errormsg":"Missing argument 1 for App_Model_Shop_MysqlShopCoreStorage::__construct(), called in /www/wwwroot/default/zufang/sites/app/helper/TemplMsg.php on line 17 and defined", "errorfile":"/www/wwwroot/default/zufang/sites/app/model/shop/MysqlShopCoreStorage.php", "errorline":16}
[2020/09/28 20:52:08] Array: {"file":"/www/wwwroot/default/zufang/libs/log/Error.php", "line":159}
[2020/09/28 20:52:08] Array: {"errortime":"2020-09-28 20:52:08", "errornum":2, "errortype":"警告", "errormsg":"Missing argument 1 for App_Model_Shop_MysqlShopCoreStorage::__construct(), called in /www/wwwroot/default/zufang/sites/app/controller/applet/InitController.php on line 186 and defined", "errorfile":"/www/wwwroot/default/zufang/sites/app/model/shop/MysqlShopCoreStorage.php", "errorline":16}
[2020/09/28 20:52:09] Array: {"file":"/www/wwwroot/default/zufang/libs/log/Error.php", "line":159}
[2020/09/28 20:52:09] Array: {"errortime":"2020-09-28 20:52:09", "errornum":2, "errortype":"警告", "errormsg":"Missing argument 1 for App_Model_Shop_MysqlShopCoreStorage::__construct(), called in /www/wwwroot/default/zufang/sites/app/controller/applet/InitController.php on line 186 and defined", "errorfile":"/www/wwwroot/default/zufang/sites/app/model/shop/MysqlShopCoreStorage.php", "errorline":16}
[2020/09/28 20:52:12] Array: {"file":"/www/wwwroot/default/zufang/libs/log/Error.php", "line":159}
[2020/09/28 20:52:12] Array: {"errortime":"2020-09-28 20:52:12", "errornum":2, "errortype":"警告", "errormsg":"Missing argument 1 for App_Model_Shop_MysqlShopCoreStorage::__construct(), called in /www/wwwroot/default/zufang/sites/app/controller/applet/InitController.php on line 186 and defined", "errorfile":"/www/wwwroot/default/zufang/sites/app/model/shop/MysqlShopCoreStorage.php", "errorline":16}
[2020/09/28 20:52:13] Array: {"file":"/www/wwwroot/default/zufang/libs/log/Error.php", "line":159}
[2020/09/28 20:52:13] Array: {"errortime":"2020-09-28 20:52:13", "errornum":2, "errortype":"警告", "errormsg":"Missing argument 1 for App_Model_Shop_MysqlShopCoreStorage::__construct(), called in /www/wwwroot/default/zufang/sites/app/controller/applet/InitController.php on line 186 and defined", "errorfile":"/www/wwwroot/default/zufang/sites/app/model/shop/MysqlShopCoreStorage.php", "errorline":16}
[2020/09/28 20:52:16] Array: {"file":"/www/wwwroot/default/zufang/libs/log/Error.php", "line":159}
[2020/09/28 20:52:16] Array: {"errortime":"2020-09-28 20:52:16", "errornum":2, "errortype":"警告", "errormsg":"Missing argument 1 for App_Model_Shop_MysqlShopCoreStorage::__construct(), called in /www/wwwroot/default/zufang/sites/app/controller/applet/InitController.php on line 186 and defined", "errorfile":"/www/wwwroot/default/zufang/sites/app/model/shop/MysqlShopCoreStorage.php", "errorline":16}
[2020/09/28 20:52:17] Array: {"file":"/www/wwwroot/default/zufang/libs/log/Error.php", "line":159}
[2020/09/28 20:52:17] Array: {"errortime":"2020-09-28 20:52:17", "errornum":2, "errortype":"警告", "errormsg":"Missing argument 1 for App_Model_Shop_MysqlShopCoreStorage::__construct(), called in /www/wwwroot/default/zufang/sites/app/controller/applet/InitController.php on line 186 and defined", "errorfile":"/www/wwwroot/default/zufang/sites/app/model/shop/MysqlShopCoreStorage.php", "errorline":16}
[2020/09/28 20:52:20] Array: {"file":"/www/wwwroot/default/zufang/libs/log/Error.php", "line":159}
[2020/09/28 20:52:20] Array: {"errortime":"2020-09-28 20:52:20", "errornum":2, "errortype":"警告", "errormsg":"Missing argument 1 for App_Model_Shop_MysqlShopCoreStorage::__construct(), called in /www/wwwroot/default/zufang/sites/app/controller/applet/InitController.php on line 186 and defined", "errorfile":"/www/wwwroot/default/zufang/sites/app/model/shop/MysqlShopCoreStorage.php", "errorline":16}
[2020/09/28 20:52:22] Array: {"file":"/www/wwwroot/default/zufang/libs/log/Error.php", "line":159}
[2020/09/28 20:52:22] Array: {"errortime":"2020-09-28 20:52:22", "errornum":2, "errortype":"警告", "errormsg":"Missing argument 1 for App_Model_Shop_MysqlShopCoreStorage::__construct(), called in /www/wwwroot/default/zufang/sites/app/controller/applet/InitController.php on line 186 and defined", "errorfile":"/www/wwwroot/default/zufang/sites/app/model/shop/MysqlShopCoreStorage.php", "errorline":16}
[2020/09/28 20:52:25] Array: {"file":"/www/wwwroot/default/zufang/libs/log/Error.php", "line":159}
[2020/09/28 20:52:25] Array: {"errortime":"2020-09-28 20:52:25", "errornum":2, "errortype":"警告", "errormsg":"Missing argument 1 for App_Model_Shop_MysqlShopCoreStorage::__construct(), called in /www/wwwroot/default/zufang/sites/app/controller/applet/InitController.php on line 186 and defined", "errorfile":"/www/wwwroot/default/zufang/sites/app/model/shop/MysqlShopCoreStorage.php", "errorline":16}
[2020/09/28 20:52:25] Array: {"file":"/www/wwwroot/default/zufang/libs/log/Error.php", "line":159}
[2020/09/28 20:52:25] Array: {"errortime":"2020-09-28 20:52:25", "errornum":2, "errortype":"警告", "errormsg":"Missing argument 1 for App_Model_Shop_MysqlShopCoreStorage::__construct(), called in /www/wwwroot/default/zufang/sites/app/controller/applet/InitController.php on line 186 and defined", "errorfile":"/www/wwwroot/default/zufang/sites/app/model/shop/MysqlShopCoreStorage.php", "errorline":16}
[2020/09/28 20:52:25] Array: {"file":"/www/wwwroot/default/zufang/libs/log/Error.php", "line":159}
[2020/09/28 20:52:25] Array: {"errortime":"2020-09-28 20:52:25", "errornum":2, "errortype":"警告", "errormsg":"Missing argument 1 for App_Model_Shop_MysqlShopCoreStorage::__construct(), called in /www/wwwroot/default/zufang/sites/app/controller/applet/InitController.php on line 186 and defined", "errorfile":"/www/wwwroot/default/zufang/sites/app/model/shop/MysqlShopCoreStorage.php", "errorline":16}
[2020/09/28 20:52:25] Array: {"file":"/www/wwwroot/default/zufang/libs/log/Error.php", "line":159}
[2020/09/28 20:52:25] Array: {"errortime":"2020-09-28 20:52:25", "errornum":2, "errortype":"警告", "errormsg":"Missing argument 1 for App_Model_Shop_MysqlShopCoreStorage::__construct(), called in /www/wwwroot/default/zufang/sites/app/controller/applet/InitController.php on line 186 and defined", "errorfile":"/www/wwwroot/default/zufang/sites/app/model/shop/MysqlShopCoreStorage.php", "errorline":16}
[2020/09/28 20:52:26] Array: {"file":"/www/wwwroot/default/zufang/libs/log/Error.php", "line":159}
[2020/09/28 20:52:26] Array: {"errortime":"2020-09-28 20:52:26", "errornum":2, "errortype":"警告", "errormsg":"Missing argument 1 for App_Model_Shop_MysqlShopCoreStorage::__construct(), called in /www/wwwroot/default/zufang/sites/app/controller/applet/InitController.php on line 186 and defined", "errorfile":"/www/wwwroot/default/zufang/sites/app/model/shop/MysqlShopCoreStorage.php", "errorline":16}
[2020/09/28 20:52:34] Array: {"file":"/www/wwwroot/default/zufang/libs/log/Error.php", "line":159}
[2020/09/28 20:52:34] Array: {"errortime":"2020-09-28 20:52:34", "errornum":2, "errortype":"警告", "errormsg":"Missing argument 1 for App_Model_Shop_MysqlShopCoreStorage::__construct(), called in /www/wwwroot/default/zufang/sites/app/controller/applet/InitController.php on line 186 and defined", "errorfile":"/www/wwwroot/default/zufang/sites/app/model/shop/MysqlShopCoreStorage.php", "errorline":16}
[2020/09/28 20:52:43] Array: {"file":"/www/wwwroot/default/zufang/libs/log/Error.php", "line":159}
[2020/09/28 20:52:43] Array: {"errortime":"2020-09-28 20:52:43", "errornum":2, "errortype":"警告", "errormsg":"Missing argument 1 for App_Model_Shop_MysqlShopCoreStorage::__construct(), called in /www/wwwroot/default/zufang/sites/app/controller/applet/InitController.php on line 186 and defined", "errorfile":"/www/wwwroot/default/zufang/sites/app/model/shop/MysqlShopCoreStorage.php", "errorline":16}
[2020/09/28 20:52:47] Array: {"file":"/www/wwwroot/default/zufang/libs/log/Error.php", "line":159}
[2020/09/28 20:52:47] Array: {"errortime":"2020-09-28 20:52:47", "errornum":2, "errortype":"警告", "errormsg":"Missing argument 1 for App_Model_Shop_MysqlShopCoreStorage::__construct(), called in /www/wwwroot/default/zufang/sites/app/controller/applet/InitController.php on line 186 and defined", "errorfile":"/www/wwwroot/default/zufang/sites/app/model/shop/MysqlShopCoreStorage.php", "errorline":16}
[2020/09/28 20:52:50] Array: {"file":"/www/wwwroot/default/zufang/libs/log/Error.php", "line":159}
[2020/09/28 20:52:50] Array: {"errortime":"2020-09-28 20:52:50", "errornum":2, "errortype":"警告", "errormsg":"Missing argument 1 for App_Model_Shop_MysqlShopCoreStorage::__construct(), called in /www/wwwroot/default/zufang/sites/app/controller/applet/InitController.php on line 186 and defined", "errorfile":"/www/wwwroot/default/zufang/sites/app/model/shop/MysqlShopCoreStorage.php", "errorline":16}
[2020/09/28 20:52:50] Array: {"file":"/www/wwwroot/default/zufang/libs/log/Error.php", "line":159}
[2020/09/28 20:52:50] Array: {"errortime":"2020-09-28 20:52:50", "errornum":2, "errortype":"警告", "errormsg":"Missing argument 1 for App_Model_Shop_MysqlShopCoreStorage::__construct(), called in /www/wwwroot/default/zufang/sites/app/controller/applet/InitController.php on line 186 and defined", "errorfile":"/www/wwwroot/default/zufang/sites/app/model/shop/MysqlShopCoreStorage.php", "errorline":16}
[2020/09/28 20:52:51] Array: {"file":"/www/wwwroot/default/zufang/libs/log/Error.php", "line":159}
[2020/09/28 20:52:51] Array: {"errortime":"2020-09-28 20:52:51", "errornum":2, "errortype":"警告", "errormsg":"Missing argument 1 for App_Model_Shop_MysqlShopCoreStorage::__construct(), called in /www/wwwroot/default/zufang/sites/app/controller/applet/InitController.php on line 186 and defined", "errorfile":"/www/wwwroot/default/zufang/sites/app/model/shop/MysqlShopCoreStorage.php", "errorline":16}
[2020/09/28 20:52:55] Array: {"file":"/www/wwwroot/default/zufang/libs/log/Error.php", "line":159}
[2020/09/28 20:52:55] Array: {"errortime":"2020-09-28 20:52:55", "errornum":2, "errortype":"警告", "errormsg":"Missing argument 1 for App_Model_Shop_MysqlShopCoreStorage::__construct(), called in /www/wwwroot/default/zufang/sites/app/controller/applet/InitController.php on line 186 and defined", "errorfile":"/www/wwwroot/default/zufang/sites/app/model/shop/MysqlShopCoreStorage.php", "errorline":16}
[2020/09/28 20:52:55] Array: {"file":"/www/wwwroot/default/zufang/libs/log/Error.php", "line":159}
[2020/09/28 20:52:55] Array: {"errortime":"2020-09-28 20:52:55", "errornum":2, "errortype":"警告", "errormsg":"Missing argument 1 for App_Model_Shop_MysqlShopCoreStorage::__construct(), called in /www/wwwroot/default/zufang/sites/app/controller/applet/InitController.php on line 186 and defined", "errorfile":"/www/wwwroot/default/zufang/sites/app/model/shop/MysqlShopCoreStorage.php", "errorline":16}
[2020/09/28 20:52:58] Array: {"file":"/www/wwwroot/default/zufang/libs/log/Error.php", "line":159}
[2020/09/28 20:52:58] Array: {"errortime":"2020-09-28 20:52:58", "errornum":2, "errortype":"警告", "errormsg":"Missing argument 1 for App_Model_Shop_MysqlShopCoreStorage::__construct(), called in /www/wwwroot/default/zufang/sites/app/controller/applet/InitController.php on line 186 and defined", "errorfile":"/www/wwwroot/default/zufang/sites/app/model/shop/MysqlShopCoreStorage.php", "errorline":16}
[2020/09/28 20:52:58] Array: {"file":"/www/wwwroot/default/zufang/libs/log/Error.php", "line":159}
[2020/09/28 20:52:58] Array: {"errortime":"2020-09-28 20:52:58", "errornum":2, "errortype":"警告", "errormsg":"Missing argument 1 for App_Model_Shop_MysqlShopCoreStorage::__construct(), called in /www/wwwroot/default/zufang/sites/app/controller/applet/InitController.php on line 186 and defined", "errorfile":"/www/wwwroot/default/zufang/sites/app/model/shop/MysqlShopCoreStorage.php", "errorline":16}
[2020/09/28 20:52:58] Array: {"file":"/www/wwwroot/default/zufang/libs/log/Error.php", "line":159}
[2020/09/28 20:52:58] Array: {"errortime":"2020-09-28 20:52:58", "errornum":2, "errortype":"警告", "errormsg":"Missing argument 1 for App_Model_Shop_MysqlShopCoreStorage::__construct(), called in /www/wwwroot/default/zufang/sites/app/controller/applet/InitController.php on line 186 and defined", "errorfile":"/www/wwwroot/default/zufang/sites/app/model/shop/MysqlShopCoreStorage.php", "errorline":16}
[2020/09/28 20:52:58] Array: {"file":"/www/wwwroot/default/zufang/libs/log/Error.php", "line":159}
[2020/09/28 20:52:58] Array: {"errortime":"2020-09-28 20:52:58", "errornum":2, "errortype":"警告", "errormsg":"Missing argument 1 for App_Model_Shop_MysqlShopCoreStorage::__construct(), called in /www/wwwroot/default/zufang/sites/app/controller/applet/InitController.php on line 186 and defined", "errorfile":"/www/wwwroot/default/zufang/sites/app/model/shop/MysqlShopCoreStorage.php", "errorline":16}
[2020/09/28 20:53:05] Array: {"file":"/www/wwwroot/default/zufang/libs/log/Error.php", "line":159}
[2020/09/28 20:53:05] Array: {"errortime":"2020-09-28 20:53:05", "errornum":2, "errortype":"警告", "errormsg":"Missing argument 1 for App_Model_Shop_MysqlShopCoreStorage::__construct(), called in /www/wwwroot/default/zufang/sites/app/controller/applet/InitController.php on line 186 and defined", "errorfile":"/www/wwwroot/default/zufang/sites/app/model/shop/MysqlShopCoreStorage.php", "errorline":16}
[2020/09/28 20:53:05] Array: {"file":"/www/wwwroot/default/zufang/libs/log/Error.php", "line":159}
[2020/09/28 20:53:05] Array: {"errortime":"2020-09-28 20:53:05", "errornum":2, "errortype":"警告", "errormsg":"Missing argument 1 for App_Model_Shop_MysqlShopCoreStorage::__construct(), called in /www/wwwroot/default/zufang/sites/app/controller/applet/InitController.php on line 186 and defined", "errorfile":"/www/wwwroot/default/zufang/sites/app/model/shop/MysqlShopCoreStorage.php", "errorline":16}
[2020/09/28 20:53:05] Array: {"file":"/www/wwwroot/default/zufang/libs/log/Error.php", "line":159}
[2020/09/28 20:53:05] Array: {"errortime":"2020-09-28 20:53:05", "errornum":2, "errortype":"警告", "errormsg":"Missing argument 1 for App_Model_Shop_MysqlShopCoreStorage::__construct(), called in /www/wwwroot/default/zufang/sites/app/controller/applet/InitController.php on line 186 and defined", "errorfile":"/www/wwwroot/default/zufang/sites/app/model/shop/MysqlShopCoreStorage.php", "errorline":16}
[2020/09/28 20:53:05] Array: {"file":"/www/wwwroot/default/zufang/libs/log/Error.php", "line":159}
[2020/09/28 20:53:05] Array: {"errortime":"2020-09-28 20:53:05", "errornum":2, "errortype":"警告", "errormsg":"Missing argument 1 for App_Model_Shop_MysqlShopCoreStorage::__construct(), called in /www/wwwroot/default/zufang/sites/app/controller/applet/InitController.php on line 186 and defined", "errorfile":"/www/wwwroot/default/zufang/sites/app/model/shop/MysqlShopCoreStorage.php", "errorline":16}
[2020/09/28 20:53:06] Array: {"file":"/www/wwwroot/default/zufang/libs/log/Error.php", "line":159}
[2020/09/28 20:53:06] Array: {"errortime":"2020-09-28 20:53:06", "errornum":2, "errortype":"警告", "errormsg":"Missing argument 1 for App_Model_Shop_MysqlShopCoreStorage::__construct(), called in /www/wwwroot/default/zufang/sites/app/controller/applet/InitController.php on line 186 and defined", "errorfile":"/www/wwwroot/default/zufang/sites/app/model/shop/MysqlShopCoreStorage.php", "errorline":16}
[2020/09/28 20:53:06] Array: {"file":"/www/wwwroot/default/zufang/libs/log/Error.php", "line":159}
[2020/09/28 20:53:06] Array: {"errortime":"2020-09-28 20:53:06", "errornum":2, "errortype":"警告", "errormsg":"Missing argument 1 for App_Model_Shop_MysqlShopCoreStorage::__construct(), called in /www/wwwroot/default/zufang/sites/app/controller/applet/InitController.php on line 186 and defined", "errorfile":"/www/wwwroot/default/zufang/sites/app/model/shop/MysqlShopCoreStorage.php", "errorline":16}
[2020/09/28 20:53:11] Array: {"file":"/www/wwwroot/default/zufang/libs/log/Error.php", "line":159}
[2020/09/28 20:53:11] Array: {"errortime":"2020-09-28 20:53:11", "errornum":2, "errortype":"警告", "errormsg":"Missing argument 1 for App_Model_Shop_MysqlShopCoreStorage::__construct(), called in /www/wwwroot/default/zufang/sites/app/controller/applet/InitController.php on line 186 and defined", "errorfile":"/www/wwwroot/default/zufang/sites/app/model/shop/MysqlShopCoreStorage.php", "errorline":16}
[2020/09/28 20:53:15] Array: {"file":"/www/wwwroot/default/zufang/libs/log/Error.php", "line":159}
[2020/09/28 20:53:15] Array: {"errortime":"2020-09-28 20:53:15", "errornum":2, "errortype":"警告", "errormsg":"Missing argument 1 for App_Model_Shop_MysqlShopCoreStorage::__construct(), called in /www/wwwroot/default/zufang/sites/app/controller/applet/InitController.php on line 186 and defined", "errorfile":"/www/wwwroot/default/zufang/sites/app/model/shop/MysqlShopCoreStorage.php", "errorline":16}
[2020/09/28 20:53:26] Array: {"file":"/www/wwwroot/default/zufang/libs/log/Error.php", "line":159}
[2020/09/28 20:53:26] Array: {"errortime":"2020-09-28 20:53:26", "errornum":2, "errortype":"警告", "errormsg":"Missing argument 1 for App_Model_Shop_MysqlShopCoreStorage::__construct(), called in /www/wwwroot/default/zufang/sites/app/controller/applet/InitController.php on line 186 and defined", "errorfile":"/www/wwwroot/default/zufang/sites/app/model/shop/MysqlShopCoreStorage.php", "errorline":16}
[2020/09/28 20:53:30] Array: {"file":"/www/wwwroot/default/zufang/libs/log/Error.php", "line":159}
[2020/09/28 20:53:30] Array: {"errortime":"2020-09-28 20:53:30", "errornum":2, "errortype":"警告", "errormsg":"Missing argument 1 for App_Model_Shop_MysqlShopCoreStorage::__construct(), called in /www/wwwroot/default/zufang/sites/app/controller/applet/InitController.php on line 186 and defined", "errorfile":"/www/wwwroot/default/zufang/sites/app/model/shop/MysqlShopCoreStorage.php", "errorline":16}
[2020/09/28 20:53:34] Array: {"file":"/www/wwwroot/default/zufang/libs/log/Error.php", "line":159}
[2020/09/28 20:53:34] Array: {"errortime":"2020-09-28 20:53:34", "errornum":2, "errortype":"警告", "errormsg":"Missing argument 1 for App_Model_Shop_MysqlShopCoreStorage::__construct(), called in /www/wwwroot/default/zufang/sites/app/controller/applet/InitController.php on line 186 and defined", "errorfile":"/www/wwwroot/default/zufang/sites/app/model/shop/MysqlShopCoreStorage.php", "errorline":16}
[2020/09/28 20:53:38] Array: {"file":"/www/wwwroot/default/zufang/libs/log/Error.php", "line":159}
[2020/09/28 20:53:38] Array: {"errortime":"2020-09-28 20:53:38", "errornum":2, "errortype":"警告", "errormsg":"Missing argument 1 for App_Model_Shop_MysqlShopCoreStorage::__construct(), called in /www/wwwroot/default/zufang/sites/app/controller/applet/InitController.php on line 186 and defined", "errorfile":"/www/wwwroot/default/zufang/sites/app/model/shop/MysqlShopCoreStorage.php", "errorline":16}
[2020/09/28 20:53:43] Array: {"file":"/www/wwwroot/default/zufang/libs/log/Error.php", "line":159}
[2020/09/28 20:53:43] Array: {"errortime":"2020-09-28 20:53:43", "errornum":2, "errortype":"警告", "errormsg":"Missing argument 1 for App_Model_Shop_MysqlShopCoreStorage::__construct(), called in /www/wwwroot/default/zufang/sites/app/controller/applet/InitController.php on line 186 and defined", "errorfile":"/www/wwwroot/default/zufang/sites/app/model/shop/MysqlShopCoreStorage.php", "errorline":16}
[2020/09/28 20:53:47] Array: {"file":"/www/wwwroot/default/zufang/libs/log/Error.php", "line":159}
[2020/09/28 20:53:47] Array: {"errortime":"2020-09-28 20:53:47", "errornum":2, "errortype":"警告", "errormsg":"Missing argument 1 for App_Model_Shop_MysqlShopCoreStorage::__construct(), called in /www/wwwroot/default/zufang/sites/app/controller/applet/InitController.php on line 186 and defined", "errorfile":"/www/wwwroot/default/zufang/sites/app/model/shop/MysqlShopCoreStorage.php", "errorline":16}
[2020/09/28 20:53:55] Array: {"file":"/www/wwwroot/default/zufang/libs/log/Error.php", "line":159}
[2020/09/28 20:53:55] Array: {"errortime":"2020-09-28 20:53:55", "errornum":2, "errortype":"警告", "errormsg":"Missing argument 1 for App_Model_Shop_MysqlShopCoreStorage::__construct(), called in /www/wwwroot/default/zufang/sites/app/controller/applet/InitController.php on line 186 and defined", "errorfile":"/www/wwwroot/default/zufang/sites/app/model/shop/MysqlShopCoreStorage.php", "errorline":16}
[2020/09/28 21:00:55] Array: {"file":"/www/wwwroot/default/zufang/libs/log/Error.php", "line":159}
[2020/09/28 21:00:55] Array: {"errortime":"2020-09-28 21:00:55", "errornum":2, "errortype":"警告", "errormsg":"Missing argument 1 for App_Model_Shop_MysqlShopCoreStorage::__construct(), called in /www/wwwroot/default/zufang/sites/app/controller/mobile/WxpayController.php on line 627 and defined", "errorfile":"/www/wwwroot/default/zufang/sites/app/model/shop/MysqlShopCoreStorage.php", "errorline":16}
[2020/09/28 21:00:55] Array: {"file":"/www/wwwroot/default/zufang/libs/log/Error.php", "line":159}
[2020/09/28 21:00:55] Array: {"errortime":"2020-09-28 21:00:55", "errornum":2, "errortype":"警告", "errormsg":"Missing argument 1 for App_Model_Shop_MysqlShopCoreStorage::__construct(), called in /www/wwwroot/default/zufang/sites/app/plugin/weixin/NewPay.php on line 75 and defined", "errorfile":"/www/wwwroot/default/zufang/sites/app/model/shop/MysqlShopCoreStorage.php", "errorline":16}
[2020/09/28 21:02:00] Array: {"file":"/www/wwwroot/default/zufang/libs/log/Error.php", "line":159}
[2020/09/28 21:02:00] Array: {"errortime":"2020-09-28 21:02:00", "errornum":2, "errortype":"警告", "errormsg":"Missing argument 1 for App_Model_Shop_MysqlShopCoreStorage::__construct(), called in /www/wwwroot/default/zufang/sites/app/controller/mobile/WxpayController.php on line 627 and defined", "errorfile":"/www/wwwroot/default/zufang/sites/app/model/shop/MysqlShopCoreStorage.php", "errorline":16}
[2020/09/28 21:02:00] Array: {"file":"/www/wwwroot/default/zufang/libs/log/Error.php", "line":159}
[2020/09/28 21:02:00] Array: {"errortime":"2020-09-28 21:02:00", "errornum":2, "errortype":"警告", "errormsg":"Missing argument 1 for App_Model_Shop_MysqlShopCoreStorage::__construct(), called in /www/wwwroot/default/zufang/sites/app/plugin/weixin/NewPay.php on line 75 and defined", "errorfile":"/www/wwwroot/default/zufang/sites/app/model/shop/MysqlShopCoreStorage.php", "errorline":16}
[2020/09/28 21:12:05] Array: {"file":"/www/wwwroot/default/zufang/libs/log/Error.php", "line":159}
[2020/09/28 21:12:05] Array: {"errortime":"2020-09-28 21:12:05", "errornum":2, "errortype":"警告", "errormsg":"Missing argument 1 for App_Model_Shop_MysqlShopCoreStorage::__construct(), called in /www/wwwroot/default/zufang/sites/app/controller/wxapp/InitController.php on line 430 and defined", "errorfile":"/www/wwwroot/default/zufang/sites/app/model/shop/MysqlShopCoreStorage.php", "errorline":16}
[2020/09/28 21:12:05] Array: {"file":"/www/wwwroot/default/zufang/libs/log/Error.php", "line":159}
[2020/09/28 21:12:05] Array: {"errortime":"2020-09-28 21:12:05", "errornum":2, "errortype":"警告", "errormsg":"Missing argument 1 for App_Model_Shop_MysqlShopCoreStorage::__construct(), called in /www/wwwroot/default/zufang/sites/app/controller/wxapp/InitController.php on line 506 and defined", "errorfile":"/www/wwwroot/default/zufang/sites/app/model/shop/MysqlShopCoreStorage.php", "errorline":16}
[2020/09/28 21:12:05] Array: {"file":"/www/wwwroot/default/zufang/libs/log/Error.php", "line":159}
[2020/09/28 21:12:05] Array: {"errortime":"2020-09-28 21:12:05", "errornum":2, "errortype":"警告", "errormsg":"Illegal string offset \u0027css_link\u0027", "errorfile":"/www/wwwroot/default/zufang/sites/app/controller/wxapp/InitController.php", "errorline":89}
[2020/09/28 21:12:05] Array: {"file":"/www/wwwroot/default/zufang/libs/log/Error.php", "line":159}
[2020/09/28 21:12:05] Array: {"errortime":"2020-09-28 21:12:05", "errornum":2, "errortype":"警告", "errormsg":"Illegal string offset \u0027css_link\u0027", "errorfile":"/www/wwwroot/default/zufang/sites/app/controller/wxapp/InitController.php", "errorline":90}
[2020/09/28 21:12:05] Array: {"file":"/www/wwwroot/default/zufang/libs/log/Error.php", "line":159}
[2020/09/28 21:12:05] Array: {"errortime":"2020-09-28 21:12:05", "errornum":2, "errortype":"警告", "errormsg":"Missing argument 1 for App_Model_Shop_MysqlShopCoreStorage::__construct(), called in /www/wwwroot/default/zufang/sites/app/controller/wxapp/InitController.php on line 430 and defined", "errorfile":"/www/wwwroot/default/zufang/sites/app/model/shop/MysqlShopCoreStorage.php", "errorline":16}
[2020/09/28 21:12:05] Array: {"file":"/www/wwwroot/default/zufang/libs/log/Error.php", "line":159}
[2020/09/28 21:12:05] Array: {"errortime":"2020-09-28 21:12:05", "errornum":2, "errortype":"警告", "errormsg":"Missing argument 1 for App_Model_Shop_MysqlShopCoreStorage::__construct(), called in /www/wwwroot/default/zufang/sites/app/controller/wxapp/InitController.php on line 506 and defined", "errorfile":"/www/wwwroot/default/zufang/sites/app/model/shop/MysqlShopCoreStorage.php", "errorline":16}
[2020/09/28 21:12:05] Array: {"file":"/www/wwwroot/default/zufang/libs/log/Error.php", "line":159}
[2020/09/28 21:12:05] Array: {"errortime":"2020-09-28 21:12:05", "errornum":2, "errortype":"警告", "errormsg":"include_once(/www/wwwroot/default/zufang/sites/app/controller/site/PublicController.php): failed to open stream: No such file or directory", "errorfile":"/www/wwwroot/default/zufang/bootstrap/autoload.inc", "errorline":22}
[2020/09/28 21:12:05] Array: {"file":"/www/wwwroot/default/zufang/libs/log/Error.php", "line":159}
[2020/09/28 21:12:05] Array: {"errortime":"2020-09-28 21:12:05", "errornum":2, "errortype":"警告", "errormsg":"include_once(): Failed opening \u0027/www/wwwroot/default/zufang/sites/app/controller/site/PublicController.php\u0027 for inclusion (include_path=\u0027.:/www/server/php/56/lib/php\u0027)", "errorfile":"/www/wwwroot/default/zufang/bootstrap/autoload.inc", "errorline":22}
[2020/09/28 21:12:05] Array: {"file":"/www/wwwroot/default/zufang/libs/log/Error.php", "line":159}
[2020/09/28 21:12:05] Array: {"errortime":"2020-09-28 21:12:05", "errornum":2, "errortype":"警告", "errormsg":"Illegal string offset \u0027css_link\u0027", "errorfile":"/www/wwwroot/default/zufang/sites/app/controller/wxapp/InitController.php", "errorline":89}
[2020/09/28 21:12:05] Array: {"file":"/www/wwwroot/default/zufang/libs/log/Error.php", "line":159}
[2020/09/28 21:12:05] Array: {"errortime":"2020-09-28 21:12:05", "errornum":2, "errortype":"警告", "errormsg":"Illegal string offset \u0027css_link\u0027", "errorfile":"/www/wwwroot/default/zufang/sites/app/controller/wxapp/InitController.php", "errorline":90}
[2020/09/28 21:12:07] Array: {"file":"/www/wwwroot/default/zufang/libs/log/Error.php", "line":159}
[2020/09/28 21:12:07] Array: {"errortime":"2020-09-28 21:12:07", "errornum":2, "errortype":"警告", "errormsg":"Missing argument 1 for App_Model_Shop_MysqlShopCoreStorage::__construct(), called in /www/wwwroot/default/zufang/sites/app/controller/wxapp/InitController.php on line 430 and defined", "errorfile":"/www/wwwroot/default/zufang/sites/app/model/shop/MysqlShopCoreStorage.php", "errorline":16}
[2020/09/28 21:12:07] Array: {"file":"/www/wwwroot/default/zufang/libs/log/Error.php", "line":159}
[2020/09/28 21:12:07] Array: {"errortime":"2020-09-28 21:12:07", "errornum":2, "errortype":"警告", "errormsg":"Missing argument 1 for App_Model_Shop_MysqlShopCoreStorage::__construct(), called in /www/wwwroot/default/zufang/sites/app/controller/wxapp/InitController.php on line 506 and defined", "errorfile":"/www/wwwroot/default/zufang/sites/app/model/shop/MysqlShopCoreStorage.php", "errorline":16}
[2020/09/28 21:12:07] Array: {"file":"/www/wwwroot/default/zufang/libs/log/Error.php", "line":159}
[2020/09/28 21:12:07] Array: {"errortime":"2020-09-28 21:12:07", "errornum":2, "errortype":"警告", "errormsg":"Illegal string offset \u0027css_link\u0027", "errorfile":"/www/wwwroot/default/zufang/sites/app/controller/wxapp/InitController.php", "errorline":89}
[2020/09/28 21:12:07] Array: {"file":"/www/wwwroot/default/zufang/libs/log/Error.php", "line":159}
[2020/09/28 21:12:07] Array: {"errortime":"2020-09-28 21:12:07", "errornum":2, "errortype":"警告", "errormsg":"Illegal string offset \u0027css_link\u0027", "errorfile":"/www/wwwroot/default/zufang/sites/app/controller/wxapp/InitController.php", "errorline":90}
[2020/09/28 21:12:07] Array: {"file":"/www/wwwroot/default/zufang/libs/log/Error.php", "line":159}
[2020/09/28 21:12:07] Array: {"errortime":"2020-09-28 21:12:07", "errornum":2, "errortype":"警告", "errormsg":"Missing argument 1 for App_Model_Shop_MysqlShopCoreStorage::__construct(), called in /www/wwwroot/default/zufang/sites/app/controller/wxapp/InitController.php on line 430 and defined", "errorfile":"/www/wwwroot/default/zufang/sites/app/model/shop/MysqlShopCoreStorage.php", "errorline":16}
[2020/09/28 21:12:07] Array: {"file":"/www/wwwroot/default/zufang/libs/log/Error.php", "line":159}
[2020/09/28 21:12:07] Array: {"errortime":"2020-09-28 21:12:07", "errornum":2, "errortype":"警告", "errormsg":"Missing argument 1 for App_Model_Shop_MysqlShopCoreStorage::__construct(), called in /www/wwwroot/default/zufang/sites/app/controller/wxapp/InitController.php on line 506 and defined", "errorfile":"/www/wwwroot/default/zufang/sites/app/model/shop/MysqlShopCoreStorage.php", "errorline":16}
[2020/09/28 21:12:07] Array: {"file":"/www/wwwroot/default/zufang/libs/log/Error.php", "line":159}
[2020/09/28 21:12:07] Array: {"errortime":"2020-09-28 21:12:07", "errornum":2, "errortype":"警告", "errormsg":"Illegal string offset \u0027css_link\u0027", "errorfile":"/www/wwwroot/default/zufang/sites/app/controller/wxapp/InitController.php", "errorline":89}
[2020/09/28 21:12:07] Array: {"file":"/www/wwwroot/default/zufang/libs/log/Error.php", "line":159}
[2020/09/28 21:12:07] Array: {"errortime":"2020-09-28 21:12:07", "errornum":2, "errortype":"警告", "errormsg":"Illegal string offset \u0027css_link\u0027", "errorfile":"/www/wwwroot/default/zufang/sites/app/controller/wxapp/InitController.php", "errorline":90}
[2020/09/28 21:17:40] Array: {"file":"/www/wwwroot/default/zufang/libs/log/Error.php", "line":159}
[2020/09/28 21:17:40] Array: {"errortime":"2020-09-28 21:17:40", "errornum":2, "errortype":"警告", "errormsg":"Missing argument 1 for App_Model_Shop_MysqlShopCoreStorage::__construct(), called in /www/wwwroot/default/zufang/sites/app/controller/wxapp/InitController.php on line 430 and defined", "errorfile":"/www/wwwroot/default/zufang/sites/app/model/shop/MysqlShopCoreStorage.php", "errorline":16}
[2020/09/28 21:17:40] Array: {"file":"/www/wwwroot/default/zufang/libs/log/Error.php", "line":159}
[2020/09/28 21:17:40] Array: {"errortime":"2020-09-28 21:17:40", "errornum":2, "errortype":"警告", "errormsg":"Missing argument 1 for App_Model_Shop_MysqlShopCoreStorage::__construct(), called in /www/wwwroot/default/zufang/sites/app/controller/wxapp/InitController.php on line 506 and defined", "errorfile":"/www/wwwroot/default/zufang/sites/app/model/shop/MysqlShopCoreStorage.php", "errorline":16}
[2020/09/28 21:17:40] Array: {"file":"/www/wwwroot/default/zufang/libs/log/Error.php", "line":159}
[2020/09/28 21:17:40] Array: {"errortime":"2020-09-28 21:17:40", "errornum":2, "errortype":"警告", "errormsg":"Illegal string offset \u0027css_link\u0027", "errorfile":"/www/wwwroot/default/zufang/sites/app/controller/wxapp/InitController.php", "errorline":89}
[2020/09/28 21:17:40] Array: {"file":"/www/wwwroot/default/zufang/libs/log/Error.php", "line":159}
[2020/09/28 21:17:40] Array: {"errortime":"2020-09-28 21:17:40", "errornum":2, "errortype":"警告", "errormsg":"Illegal string offset \u0027css_link\u0027", "errorfile":"/www/wwwroot/default/zufang/sites/app/controller/wxapp/InitController.php", "errorline":90}
[2020/09/28 21:17:40] Array: {"file":"/www/wwwroot/default/zufang/libs/log/Error.php", "line":159}
[2020/09/28 21:17:40] Array: {"errortime":"2020-09-28 21:17:40", "errornum":2, "errortype":"警告", "errormsg":"Illegal string offset \u0027money\u0027", "errorfile":"/www/wwwroot/default/zufang/sites/app/storage/compile/828fab66d3ae8abf3eb90479530b6890d4170798.file.trade-list.tpl.php", "errorline":177}
[2020/09/28 21:17:40] Array: {"file":"/www/wwwroot/default/zufang/libs/log/Error.php", "line":159}
[2020/09/28 21:17:40] Array: {"errortime":"2020-09-28 21:17:40", "errornum":2, "errortype":"警告", "errormsg":"Illegal string offset \u0027money\u0027", "errorfile":"/www/wwwroot/default/zufang/sites/app/storage/compile/828fab66d3ae8abf3eb90479530b6890d4170798.file.trade-list.tpl.php", "errorline":177}
[2020/09/28 21:17:40] Array: {"file":"/www/wwwroot/default/zufang/libs/log/Error.php", "line":159}
[2020/09/28 21:17:40] Array: {"errortime":"2020-09-28 21:17:40", "errornum":2, "errortype":"警告", "errormsg":"Illegal string offset \u0027total\u0027", "errorfile":"/www/wwwroot/default/zufang/sites/app/storage/compile/828fab66d3ae8abf3eb90479530b6890d4170798.file.trade-list.tpl.php", "errorline":186}
[2020/09/28 21:17:40] Array: {"file":"/www/wwwroot/default/zufang/libs/log/Error.php", "line":159}
[2020/09/28 21:17:40] Array: {"errortime":"2020-09-28 21:17:40", "errornum":2, "errortype":"警告", "errormsg":"Illegal string offset \u0027money\u0027", "errorfile":"/www/wwwroot/default/zufang/sites/app/storage/compile/828fab66d3ae8abf3eb90479530b6890d4170798.file.trade-list.tpl.php", "errorline":197}
[2020/09/28 21:17:40] Array: {"file":"/www/wwwroot/default/zufang/libs/log/Error.php", "line":159}
[2020/09/28 21:17:40] Array: {"errortime":"2020-09-28 21:17:40", "errornum":2, "errortype":"警告", "errormsg":"Illegal string offset \u0027money\u0027", "errorfile":"/www/wwwroot/default/zufang/sites/app/storage/compile/828fab66d3ae8abf3eb90479530b6890d4170798.file.trade-list.tpl.php", "errorline":197}
[2020/09/28 21:17:40] Array: {"file":"/www/wwwroot/default/zufang/libs/log/Error.php", "line":159}
[2020/09/28 21:17:40] Array: {"errortime":"2020-09-28 21:17:40", "errornum":2, "errortype":"警告", "errormsg":"Illegal string offset \u0027total\u0027", "errorfile":"/www/wwwroot/default/zufang/sites/app/storage/compile/828fab66d3ae8abf3eb90479530b6890d4170798.file.trade-list.tpl.php", "errorline":207}
[2020/09/28 21:17:40] Array: {"file":"/www/wwwroot/default/zufang/libs/log/Error.php", "line":159}
[2020/09/28 21:17:40] Array: {"errortime":"2020-09-28 21:17:40", "errornum":2, "errortype":"警告", "errormsg":"Missing argument 1 for App_Model_Shop_MysqlShopCoreStorage::__construct(), called in /www/wwwroot/default/zufang/sites/app/controller/wxapp/InitController.php on line 430 and defined", "errorfile":"/www/wwwroot/default/zufang/sites/app/model/shop/MysqlShopCoreStorage.php", "errorline":16}
[2020/09/28 21:17:40] Array: {"file":"/www/wwwroot/default/zufang/libs/log/Error.php", "line":159}
[2020/09/28 21:17:40] Array: {"errortime":"2020-09-28 21:17:40", "errornum":2, "errortype":"警告", "errormsg":"Missing argument 1 for App_Model_Shop_MysqlShopCoreStorage::__construct(), called in /www/wwwroot/default/zufang/sites/app/controller/wxapp/InitController.php on line 506 and defined", "errorfile":"/www/wwwroot/default/zufang/sites/app/model/shop/MysqlShopCoreStorage.php", "errorline":16}
[2020/09/28 21:17:40] Array: {"file":"/www/wwwroot/default/zufang/libs/log/Error.php", "line":159}
[2020/09/28 21:17:40] Array: {"errortime":"2020-09-28 21:17:40", "errornum":2, "errortype":"警告", "errormsg":"Illegal string offset \u0027css_link\u0027", "errorfile":"/www/wwwroot/default/zufang/sites/app/controller/wxapp/InitController.php", "errorline":89}
[2020/09/28 21:17:40] Array: {"file":"/www/wwwroot/default/zufang/libs/log/Error.php", "line":159}
[2020/09/28 21:17:40] Array: {"errortime":"2020-09-28 21:17:40", "errornum":2, "errortype":"警告", "errormsg":"Illegal string offset \u0027css_link\u0027", "errorfile":"/www/wwwroot/default/zufang/sites/app/controller/wxapp/InitController.php", "errorline":90}
[2020/09/28 21:17:40] Array: {"file":"/www/wwwroot/default/zufang/libs/log/Error.php", "line":159}
[2020/09/28 21:17:40] Array: {"errortime":"2020-09-28 21:17:40", "errornum":2, "errortype":"警告", "errormsg":"include_once(/www/wwwroot/default/zufang/sites/app/controller/site/PublicController.php): failed to open stream: No such file or directory", "errorfile":"/www/wwwroot/default/zufang/bootstrap/autoload.inc", "errorline":22}
[2020/09/28 21:17:40] Array: {"file":"/www/wwwroot/default/zufang/libs/log/Error.php", "line":159}
[2020/09/28 21:17:40] Array: {"errortime":"2020-09-28 21:17:40", "errornum":2, "errortype":"警告", "errormsg":"include_once(): Failed opening \u0027/www/wwwroot/default/zufang/sites/app/controller/site/PublicController.php\u0027 for inclusion (include_path=\u0027.:/www/server/php/56/lib/php\u0027)", "errorfile":"/www/wwwroot/default/zufang/bootstrap/autoload.inc", "errorline":22}
[2020/09/28 21:18:53] Array: {"file":"/www/wwwroot/default/zufang/libs/log/Error.php", "line":159}
[2020/09/28 21:18:53] Array: {"errortime":"2020-09-28 21:18:53", "errornum":2, "errortype":"警告", "errormsg":"Missing argument 1 for App_Model_Shop_MysqlShopCoreStorage::__construct(), called in /www/wwwroot/default/zufang/sites/app/controller/wxapp/InitController.php on line 430 and defined", "errorfile":"/www/wwwroot/default/zufang/sites/app/model/shop/MysqlShopCoreStorage.php", "errorline":16}
[2020/09/28 21:18:53] Array: {"file":"/www/wwwroot/default/zufang/libs/log/Error.php", "line":159}
[2020/09/28 21:18:53] Array: {"errortime":"2020-09-28 21:18:53", "errornum":2, "errortype":"警告", "errormsg":"Missing argument 1 for App_Model_Shop_MysqlShopCoreStorage::__construct(), called in /www/wwwroot/default/zufang/sites/app/controller/wxapp/InitController.php on line 506 and defined", "errorfile":"/www/wwwroot/default/zufang/sites/app/model/shop/MysqlShopCoreStorage.php", "errorline":16}
[2020/09/28 21:18:53] Array: {"file":"/www/wwwroot/default/zufang/libs/log/Error.php", "line":159}
[2020/09/28 21:18:53] Array: {"errortime":"2020-09-28 21:18:53", "errornum":2, "errortype":"警告", "errormsg":"Illegal string offset \u0027css_link\u0027", "errorfile":"/www/wwwroot/default/zufang/sites/app/controller/wxapp/InitController.php", "errorline":89}
[2020/09/28 21:18:53] Array: {"file":"/www/wwwroot/default/zufang/libs/log/Error.php", "line":159}
[2020/09/28 21:18:53] Array: {"errortime":"2020-09-28 21:18:53", "errornum":2, "errortype":"警告", "errormsg":"Illegal string offset \u0027css_link\u0027", "errorfile":"/www/wwwroot/default/zufang/sites/app/controller/wxapp/InitController.php", "errorline":90}
[2020/09/28 21:18:53] Array: {"file":"/www/wwwroot/default/zufang/libs/log/Error.php", "line":159}
[2020/09/28 21:18:53] Array: {"errortime":"2020-09-28 21:18:53", "errornum":2, "errortype":"警告", "errormsg":"Illegal string offset \u0027money\u0027", "errorfile":"/www/wwwroot/default/zufang/sites/app/storage/compile/828fab66d3ae8abf3eb90479530b6890d4170798.file.trade-list.tpl.php", "errorline":177}
[2020/09/28 21:18:53] Array: {"file":"/www/wwwroot/default/zufang/libs/log/Error.php", "line":159}
[2020/09/28 21:18:53] Array: {"errortime":"2020-09-28 21:18:53", "errornum":2, "errortype":"警告", "errormsg":"Illegal string offset \u0027money\u0027", "errorfile":"/www/wwwroot/default/zufang/sites/app/storage/compile/828fab66d3ae8abf3eb90479530b6890d4170798.file.trade-list.tpl.php", "errorline":177}
[2020/09/28 21:18:53] Array: {"file":"/www/wwwroot/default/zufang/libs/log/Error.php", "line":159}
[2020/09/28 21:18:53] Array: {"errortime":"2020-09-28 21:18:53", "errornum":2, "errortype":"警告", "errormsg":"Illegal string offset \u0027total\u0027", "errorfile":"/www/wwwroot/default/zufang/sites/app/storage/compile/828fab66d3ae8abf3eb90479530b6890d4170798.file.trade-list.tpl.php", "errorline":186}
[2020/09/28 21:18:53] Array: {"file":"/www/wwwroot/default/zufang/libs/log/Error.php", "line":159}
[2020/09/28 21:18:53] Array: {"errortime":"2020-09-28 21:18:53", "errornum":2, "errortype":"警告", "errormsg":"Illegal string offset \u0027money\u0027", "errorfile":"/www/wwwroot/default/zufang/sites/app/storage/compile/828fab66d3ae8abf3eb90479530b6890d4170798.file.trade-list.tpl.php", "errorline":197}
[2020/09/28 21:18:53] Array: {"file":"/www/wwwroot/default/zufang/libs/log/Error.php", "line":159}
[2020/09/28 21:18:53] Array: {"errortime":"2020-09-28 21:18:53", "errornum":2, "errortype":"警告", "errormsg":"Illegal string offset \u0027money\u0027", "errorfile":"/www/wwwroot/default/zufang/sites/app/storage/compile/828fab66d3ae8abf3eb90479530b6890d4170798.file.trade-list.tpl.php", "errorline":197}
[2020/09/28 21:18:53] Array: {"file":"/www/wwwroot/default/zufang/libs/log/Error.php", "line":159}
[2020/09/28 21:18:53] Array: {"errortime":"2020-09-28 21:18:53", "errornum":2, "errortype":"警告", "errormsg":"Illegal string offset \u0027total\u0027", "errorfile":"/www/wwwroot/default/zufang/sites/app/storage/compile/828fab66d3ae8abf3eb90479530b6890d4170798.file.trade-list.tpl.php", "errorline":207}
[2020/09/28 21:18:53] Array: {"file":"/www/wwwroot/default/zufang/libs/log/Error.php", "line":159}
[2020/09/28 21:18:53] Array: {"errortime":"2020-09-28 21:18:53", "errornum":2, "errortype":"警告", "errormsg":"Missing argument 1 for App_Model_Shop_MysqlShopCoreStorage::__construct(), called in /www/wwwroot/default/zufang/sites/app/controller/wxapp/InitController.php on line 430 and defined", "errorfile":"/www/wwwroot/default/zufang/sites/app/model/shop/MysqlShopCoreStorage.php", "errorline":16}
[2020/09/28 21:18:53] Array: {"file":"/www/wwwroot/default/zufang/libs/log/Error.php", "line":159}
[2020/09/28 21:18:53] Array: {"errortime":"2020-09-28 21:18:53", "errornum":2, "errortype":"警告", "errormsg":"Missing argument 1 for App_Model_Shop_MysqlShopCoreStorage::__construct(), called in /www/wwwroot/default/zufang/sites/app/controller/wxapp/InitController.php on line 506 and defined", "errorfile":"/www/wwwroot/default/zufang/sites/app/model/shop/MysqlShopCoreStorage.php", "errorline":16}
[2020/09/28 21:18:53] Array: {"file":"/www/wwwroot/default/zufang/libs/log/Error.php", "line":159}
[2020/09/28 21:18:53] Array: {"errortime":"2020-09-28 21:18:53", "errornum":2, "errortype":"警告", "errormsg":"Illegal string offset \u0027css_link\u0027", "errorfile":"/www/wwwroot/default/zufang/sites/app/controller/wxapp/InitController.php", "errorline":89}
[2020/09/28 21:18:53] Array: {"file":"/www/wwwroot/default/zufang/libs/log/Error.php", "line":159}
[2020/09/28 21:18:53] Array: {"errortime":"2020-09-28 21:18:53", "errornum":2, "errortype":"警告", "errormsg":"Illegal string offset \u0027css_link\u0027", "errorfile":"/www/wwwroot/default/zufang/sites/app/controller/wxapp/InitController.php", "errorline":90}
[2020/09/28 21:18:53] Array: {"file":"/www/wwwroot/default/zufang/libs/log/Error.php", "line":159}
[2020/09/28 21:18:53] Array: {"errortime":"2020-09-28 21:18:53", "errornum":2, "errortype":"警告", "errormsg":"include_once(/www/wwwroot/default/zufang/sites/app/controller/site/PublicController.php): failed to open stream: No such file or directory", "errorfile":"/www/wwwroot/default/zufang/bootstrap/autoload.inc", "errorline":22}
[2020/09/28 21:18:53] Array: {"file":"/www/wwwroot/default/zufang/libs/log/Error.php", "line":159}
[2020/09/28 21:18:53] Array: {"errortime":"2020-09-28 21:18:53", "errornum":2, "errortype":"警告", "errormsg":"include_once(): Failed opening \u0027/www/wwwroot/default/zufang/sites/app/controller/site/PublicController.php\u0027 for inclusion (include_path=\u0027.:/www/server/php/56/lib/php\u0027)", "errorfile":"/www/wwwroot/default/zufang/bootstrap/autoload.inc", "errorline":22}
[2020/09/28 21:19:17] Array: {"file":"/www/wwwroot/default/zufang/libs/log/Error.php", "line":159}
[2020/09/28 21:19:17] Array: {"errortime":"2020-09-28 21:19:17", "errornum":2, "errortype":"警告", "errormsg":"Missing argument 1 for App_Model_Shop_MysqlShopCoreStorage::__construct(), called in /www/wwwroot/default/zufang/sites/app/controller/wxapp/InitController.php on line 430 and defined", "errorfile":"/www/wwwroot/default/zufang/sites/app/model/shop/MysqlShopCoreStorage.php", "errorline":16}
[2020/09/28 21:19:17] Array: {"file":"/www/wwwroot/default/zufang/libs/log/Error.php", "line":159}
[2020/09/28 21:19:17] Array: {"errortime":"2020-09-28 21:19:17", "errornum":2, "errortype":"警告", "errormsg":"Missing argument 1 for App_Model_Shop_MysqlShopCoreStorage::__construct(), called in /www/wwwroot/default/zufang/sites/app/controller/wxapp/InitController.php on line 506 and defined", "errorfile":"/www/wwwroot/default/zufang/sites/app/model/shop/MysqlShopCoreStorage.php", "errorline":16}
[2020/09/28 21:19:17] Array: {"file":"/www/wwwroot/default/zufang/libs/log/Error.php", "line":159}
[2020/09/28 21:19:17] Array: {"errortime":"2020-09-28 21:19:17", "errornum":2, "errortype":"警告", "errormsg":"Illegal string offset \u0027css_link\u0027", "errorfile":"/www/wwwroot/default/zufang/sites/app/controller/wxapp/InitController.php", "errorline":89}
[2020/09/28 21:19:17] Array: {"file":"/www/wwwroot/default/zufang/libs/log/Error.php", "line":159}
[2020/09/28 21:19:17] Array: {"errortime":"2020-09-28 21:19:17", "errornum":2, "errortype":"警告", "errormsg":"Illegal string offset \u0027css_link\u0027", "errorfile":"/www/wwwroot/default/zufang/sites/app/controller/wxapp/InitController.php", "errorline":90}
[2020/09/28 21:19:17] Array: {"file":"/www/wwwroot/default/zufang/libs/log/Error.php", "line":159}
[2020/09/28 21:19:17] Array: {"errortime":"2020-09-28 21:19:17", "errornum":2, "errortype":"警告", "errormsg":"Illegal string offset \u0027money\u0027", "errorfile":"/www/wwwroot/default/zufang/sites/app/storage/compile/828fab66d3ae8abf3eb90479530b6890d4170798.file.trade-list.tpl.php", "errorline":177}
[2020/09/28 21:19:17] Array: {"file":"/www/wwwroot/default/zufang/libs/log/Error.php", "line":159}
[2020/09/28 21:19:17] Array: {"errortime":"2020-09-28 21:19:17", "errornum":2, "errortype":"警告", "errormsg":"Illegal string offset \u0027money\u0027", "errorfile":"/www/wwwroot/default/zufang/sites/app/storage/compile/828fab66d3ae8abf3eb90479530b6890d4170798.file.trade-list.tpl.php", "errorline":177}
[2020/09/28 21:19:17] Array: {"file":"/www/wwwroot/default/zufang/libs/log/Error.php", "line":159}
[2020/09/28 21:19:17] Array: {"errortime":"2020-09-28 21:19:17", "errornum":2, "errortype":"警告", "errormsg":"Illegal string offset \u0027total\u0027", "errorfile":"/www/wwwroot/default/zufang/sites/app/storage/compile/828fab66d3ae8abf3eb90479530b6890d4170798.file.trade-list.tpl.php", "errorline":186}
[2020/09/28 21:19:17] Array: {"file":"/www/wwwroot/default/zufang/libs/log/Error.php", "line":159}
[2020/09/28 21:19:17] Array: {"errortime":"2020-09-28 21:19:17", "errornum":2, "errortype":"警告", "errormsg":"Illegal string offset \u0027money\u0027", "errorfile":"/www/wwwroot/default/zufang/sites/app/storage/compile/828fab66d3ae8abf3eb90479530b6890d4170798.file.trade-list.tpl.php", "errorline":197}
[2020/09/28 21:19:17] Array: {"file":"/www/wwwroot/default/zufang/libs/log/Error.php", "line":159}
[2020/09/28 21:19:17] Array: {"errortime":"2020-09-28 21:19:17", "errornum":2, "errortype":"警告", "errormsg":"Illegal string offset \u0027money\u0027", "errorfile":"/www/wwwroot/default/zufang/sites/app/storage/compile/828fab66d3ae8abf3eb90479530b6890d4170798.file.trade-list.tpl.php", "errorline":197}
[2020/09/28 21:19:17] Array: {"file":"/www/wwwroot/default/zufang/libs/log/Error.php", "line":159}
[2020/09/28 21:19:17] Array: {"errortime":"2020-09-28 21:19:17", "errornum":2, "errortype":"警告", "errormsg":"Illegal string offset \u0027total\u0027", "errorfile":"/www/wwwroot/default/zufang/sites/app/storage/compile/828fab66d3ae8abf3eb90479530b6890d4170798.file.trade-list.tpl.php", "errorline":207}
[2020/09/28 21:19:18] Array: {"file":"/www/wwwroot/default/zufang/libs/log/Error.php", "line":159}
[2020/09/28 21:19:18] Array: {"errortime":"2020-09-28 21:19:18", "errornum":2, "errortype":"警告", "errormsg":"Missing argument 1 for App_Model_Shop_MysqlShopCoreStorage::__construct(), called in /www/wwwroot/default/zufang/sites/app/controller/wxapp/InitController.php on line 430 and defined", "errorfile":"/www/wwwroot/default/zufang/sites/app/model/shop/MysqlShopCoreStorage.php", "errorline":16}
[2020/09/28 21:19:18] Array: {"file":"/www/wwwroot/default/zufang/libs/log/Error.php", "line":159}
[2020/09/28 21:19:18] Array: {"errortime":"2020-09-28 21:19:18", "errornum":2, "errortype":"警告", "errormsg":"Missing argument 1 for App_Model_Shop_MysqlShopCoreStorage::__construct(), called in /www/wwwroot/default/zufang/sites/app/controller/wxapp/InitController.php on line 506 and defined", "errorfile":"/www/wwwroot/default/zufang/sites/app/model/shop/MysqlShopCoreStorage.php", "errorline":16}
[2020/09/28 21:19:18] Array: {"file":"/www/wwwroot/default/zufang/libs/log/Error.php", "line":159}
[2020/09/28 21:19:18] Array: {"errortime":"2020-09-28 21:19:18", "errornum":2, "errortype":"警告", "errormsg":"Illegal string offset \u0027css_link\u0027", "errorfile":"/www/wwwroot/default/zufang/sites/app/controller/wxapp/InitController.php", "errorline":89}
[2020/09/28 21:19:18] Array: {"file":"/www/wwwroot/default/zufang/libs/log/Error.php", "line":159}
[2020/09/28 21:19:18] Array: {"errortime":"2020-09-28 21:19:18", "errornum":2, "errortype":"警告", "errormsg":"Illegal string offset \u0027css_link\u0027", "errorfile":"/www/wwwroot/default/zufang/sites/app/controller/wxapp/InitController.php", "errorline":90}
[2020/09/28 21:19:18] Array: {"file":"/www/wwwroot/default/zufang/libs/log/Error.php", "line":159}
[2020/09/28 21:19:18] Array: {"errortime":"2020-09-28 21:19:18", "errornum":2, "errortype":"警告", "errormsg":"include_once(/www/wwwroot/default/zufang/sites/app/controller/site/PublicController.php): failed to open stream: No such file or directory", "errorfile":"/www/wwwroot/default/zufang/bootstrap/autoload.inc", "errorline":22}
[2020/09/28 21:19:18] Array: {"file":"/www/wwwroot/default/zufang/libs/log/Error.php", "line":159}
[2020/09/28 21:19:18] Array: {"errortime":"2020-09-28 21:19:18", "errornum":2, "errortype":"警告", "errormsg":"include_once(): Failed opening \u0027/www/wwwroot/default/zufang/sites/app/controller/site/PublicController.php\u0027 for inclusion (include_path=\u0027.:/www/server/php/56/lib/php\u0027)", "errorfile":"/www/wwwroot/default/zufang/bootstrap/autoload.inc", "errorline":22}
[2020/09/28 21:19:51] Array: {"file":"/www/wwwroot/default/zufang/libs/log/Error.php", "line":159}
[2020/09/28 21:19:51] Array: {"errortime":"2020-09-28 21:19:51", "errornum":2, "errortype":"警告", "errormsg":"Missing argument 1 for App_Model_Shop_MysqlShopCoreStorage::__construct(), called in /www/wwwroot/default/zufang/sites/app/controller/wxapp/InitController.php on line 430 and defined", "errorfile":"/www/wwwroot/default/zufang/sites/app/model/shop/MysqlShopCoreStorage.php", "errorline":16}
[2020/09/28 21:19:51] Array: {"file":"/www/wwwroot/default/zufang/libs/log/Error.php", "line":159}
[2020/09/28 21:19:51] Array: {"errortime":"2020-09-28 21:19:51", "errornum":2, "errortype":"警告", "errormsg":"Missing argument 1 for App_Model_Shop_MysqlShopCoreStorage::__construct(), called in /www/wwwroot/default/zufang/sites/app/controller/wxapp/InitController.php on line 506 and defined", "errorfile":"/www/wwwroot/default/zufang/sites/app/model/shop/MysqlShopCoreStorage.php", "errorline":16}
[2020/09/28 21:19:51] Array: {"file":"/www/wwwroot/default/zufang/libs/log/Error.php", "line":159}
[2020/09/28 21:19:51] Array: {"errortime":"2020-09-28 21:19:51", "errornum":2, "errortype":"警告", "errormsg":"Illegal string offset \u0027css_link\u0027", "errorfile":"/www/wwwroot/default/zufang/sites/app/controller/wxapp/InitController.php", "errorline":89}
[2020/09/28 21:19:51] Array: {"file":"/www/wwwroot/default/zufang/libs/log/Error.php", "line":159}
[2020/09/28 21:19:51] Array: {"errortime":"2020-09-28 21:19:51", "errornum":2, "errortype":"警告", "errormsg":"Illegal string offset \u0027css_link\u0027", "errorfile":"/www/wwwroot/default/zufang/sites/app/controller/wxapp/InitController.php", "errorline":90}
[2020/09/28 21:19:51] Array: {"file":"/www/wwwroot/default/zufang/libs/log/Error.php", "line":159}
[2020/09/28 21:19:51] Array: {"errortime":"2020-09-28 21:19:51", "errornum":2, "errortype":"警告", "errormsg":"Illegal string offset \u0027money\u0027", "errorfile":"/www/wwwroot/default/zufang/sites/app/storage/compile/828fab66d3ae8abf3eb90479530b6890d4170798.file.trade-list.tpl.php", "errorline":177}
[2020/09/28 21:19:51] Array: {"file":"/www/wwwroot/default/zufang/libs/log/Error.php", "line":159}
[2020/09/28 21:19:51] Array: {"errortime":"2020-09-28 21:19:51", "errornum":2, "errortype":"警告", "errormsg":"Illegal string offset \u0027money\u0027", "errorfile":"/www/wwwroot/default/zufang/sites/app/storage/compile/828fab66d3ae8abf3eb90479530b6890d4170798.file.trade-list.tpl.php", "errorline":177}
[2020/09/28 21:19:51] Array: {"file":"/www/wwwroot/default/zufang/libs/log/Error.php", "line":159}
[2020/09/28 21:19:51] Array: {"errortime":"2020-09-28 21:19:51", "errornum":2, "errortype":"警告", "errormsg":"Illegal string offset \u0027total\u0027", "errorfile":"/www/wwwroot/default/zufang/sites/app/storage/compile/828fab66d3ae8abf3eb90479530b6890d4170798.file.trade-list.tpl.php", "errorline":186}
[2020/09/28 21:19:51] Array: {"file":"/www/wwwroot/default/zufang/libs/log/Error.php", "line":159}
[2020/09/28 21:19:51] Array: {"errortime":"2020-09-28 21:19:51", "errornum":2, "errortype":"警告", "errormsg":"Illegal string offset \u0027money\u0027", "errorfile":"/www/wwwroot/default/zufang/sites/app/storage/compile/828fab66d3ae8abf3eb90479530b6890d4170798.file.trade-list.tpl.php", "errorline":197}
[2020/09/28 21:19:51] Array: {"file":"/www/wwwroot/default/zufang/libs/log/Error.php", "line":159}
[2020/09/28 21:19:51] Array: {"errortime":"2020-09-28 21:19:51", "errornum":2, "errortype":"警告", "errormsg":"Illegal string offset \u0027money\u0027", "errorfile":"/www/wwwroot/default/zufang/sites/app/storage/compile/828fab66d3ae8abf3eb90479530b6890d4170798.file.trade-list.tpl.php", "errorline":197}
[2020/09/28 21:19:51] Array: {"file":"/www/wwwroot/default/zufang/libs/log/Error.php", "line":159}
[2020/09/28 21:19:51] Array: {"errortime":"2020-09-28 21:19:51", "errornum":2, "errortype":"警告", "errormsg":"Illegal string offset \u0027total\u0027", "errorfile":"/www/wwwroot/default/zufang/sites/app/storage/compile/828fab66d3ae8abf3eb90479530b6890d4170798.file.trade-list.tpl.php", "errorline":207}
[2020/09/28 21:19:51] Array: {"file":"/www/wwwroot/default/zufang/libs/log/Error.php", "line":159}
[2020/09/28 21:19:51] Array: {"errortime":"2020-09-28 21:19:51", "errornum":2, "errortype":"警告", "errormsg":"Missing argument 1 for App_Model_Shop_MysqlShopCoreStorage::__construct(), called in /www/wwwroot/default/zufang/sites/app/controller/wxapp/InitController.php on line 430 and defined", "errorfile":"/www/wwwroot/default/zufang/sites/app/model/shop/MysqlShopCoreStorage.php", "errorline":16}
[2020/09/28 21:19:51] Array: {"file":"/www/wwwroot/default/zufang/libs/log/Error.php", "line":159}
[2020/09/28 21:19:51] Array: {"errortime":"2020-09-28 21:19:51", "errornum":2, "errortype":"警告", "errormsg":"Missing argument 1 for App_Model_Shop_MysqlShopCoreStorage::__construct(), called in /www/wwwroot/default/zufang/sites/app/controller/wxapp/InitController.php on line 506 and defined", "errorfile":"/www/wwwroot/default/zufang/sites/app/model/shop/MysqlShopCoreStorage.php", "errorline":16}
[2020/09/28 21:19:51] Array: {"file":"/www/wwwroot/default/zufang/libs/log/Error.php", "line":159}
[2020/09/28 21:19:51] Array: {"errortime":"2020-09-28 21:19:51", "errornum":2, "errortype":"警告", "errormsg":"Illegal string offset \u0027css_link\u0027", "errorfile":"/www/wwwroot/default/zufang/sites/app/controller/wxapp/InitController.php", "errorline":89}
[2020/09/28 21:19:51] Array: {"file":"/www/wwwroot/default/zufang/libs/log/Error.php", "line":159}
[2020/09/28 21:19:51] Array: {"errortime":"2020-09-28 21:19:51", "errornum":2, "errortype":"警告", "errormsg":"Illegal string offset \u0027css_link\u0027", "errorfile":"/www/wwwroot/default/zufang/sites/app/controller/wxapp/InitController.php", "errorline":90}
[2020/09/28 21:19:51] Array: {"file":"/www/wwwroot/default/zufang/libs/log/Error.php", "line":159}
[2020/09/28 21:19:51] Array: {"errortime":"2020-09-28 21:19:51", "errornum":2, "errortype":"警告", "errormsg":"include_once(/www/wwwroot/default/zufang/sites/app/controller/site/PublicController.php): failed to open stream: No such file or directory", "errorfile":"/www/wwwroot/default/zufang/bootstrap/autoload.inc", "errorline":22}
[2020/09/28 21:19:51] Array: {"file":"/www/wwwroot/default/zufang/libs/log/Error.php", "line":159}
[2020/09/28 21:19:51] Array: {"errortime":"2020-09-28 21:19:51", "errornum":2, "errortype":"警告", "errormsg":"include_once(): Failed opening \u0027/www/wwwroot/default/zufang/sites/app/controller/site/PublicController.php\u0027 for inclusion (include_path=\u0027.:/www/server/php/56/lib/php\u0027)", "errorfile":"/www/wwwroot/default/zufang/bootstrap/autoload.inc", "errorline":22}
[2020/09/28 21:19:53] Array: {"file":"/www/wwwroot/default/zufang/libs/log/Error.php", "line":159}
[2020/09/28 21:19:53] Array: {"errortime":"2020-09-28 21:19:53", "errornum":2, "errortype":"警告", "errormsg":"Missing argument 1 for App_Model_Shop_MysqlShopCoreStorage::__construct(), called in /www/wwwroot/default/zufang/sites/app/controller/wxapp/InitController.php on line 430 and defined", "errorfile":"/www/wwwroot/default/zufang/sites/app/model/shop/MysqlShopCoreStorage.php", "errorline":16}
[2020/09/28 21:19:53] Array: {"file":"/www/wwwroot/default/zufang/libs/log/Error.php", "line":159}
[2020/09/28 21:19:53] Array: {"errortime":"2020-09-28 21:19:53", "errornum":2, "errortype":"警告", "errormsg":"Missing argument 1 for App_Model_Shop_MysqlShopCoreStorage::__construct(), called in /www/wwwroot/default/zufang/sites/app/controller/wxapp/InitController.php on line 506 and defined", "errorfile":"/www/wwwroot/default/zufang/sites/app/model/shop/MysqlShopCoreStorage.php", "errorline":16}
[2020/09/28 21:19:53] Array: {"file":"/www/wwwroot/default/zufang/libs/log/Error.php", "line":159}
[2020/09/28 21:19:53] Array: {"errortime":"2020-09-28 21:19:53", "errornum":2, "errortype":"警告", "errormsg":"Illegal string offset \u0027css_link\u0027", "errorfile":"/www/wwwroot/default/zufang/sites/app/controller/wxapp/InitController.php", "errorline":89}
[2020/09/28 21:19:53] Array: {"file":"/www/wwwroot/default/zufang/libs/log/Error.php", "line":159}
[2020/09/28 21:19:53] Array: {"errortime":"2020-09-28 21:19:53", "errornum":2, "errortype":"警告", "errormsg":"Illegal string offset \u0027css_link\u0027", "errorfile":"/www/wwwroot/default/zufang/sites/app/controller/wxapp/InitController.php", "errorline":90}
[2020/09/28 21:19:54] Array: {"file":"/www/wwwroot/default/zufang/libs/log/Error.php", "line":159}
[2020/09/28 21:19:54] Array: {"errortime":"2020-09-28 21:19:54", "errornum":2, "errortype":"警告", "errormsg":"Missing argument 1 for App_Model_Shop_MysqlShopCoreStorage::__construct(), called in /www/wwwroot/default/zufang/sites/app/controller/wxapp/InitController.php on line 430 and defined", "errorfile":"/www/wwwroot/default/zufang/sites/app/model/shop/MysqlShopCoreStorage.php", "errorline":16}
[2020/09/28 21:19:54] Array: {"file":"/www/wwwroot/default/zufang/libs/log/Error.php", "line":159}
[2020/09/28 21:19:54] Array: {"errortime":"2020-09-28 21:19:54", "errornum":2, "errortype":"警告", "errormsg":"Missing argument 1 for App_Model_Shop_MysqlShopCoreStorage::__construct(), called in /www/wwwroot/default/zufang/sites/app/controller/wxapp/InitController.php on line 506 and defined", "errorfile":"/www/wwwroot/default/zufang/sites/app/model/shop/MysqlShopCoreStorage.php", "errorline":16}
[2020/09/28 21:19:54] Array: {"file":"/www/wwwroot/default/zufang/libs/log/Error.php", "line":159}
[2020/09/28 21:19:54] Array: {"errortime":"2020-09-28 21:19:54", "errornum":2, "errortype":"警告", "errormsg":"Illegal string offset \u0027css_link\u0027", "errorfile":"/www/wwwroot/default/zufang/sites/app/controller/wxapp/InitController.php", "errorline":89}
[2020/09/28 21:19:54] Array: {"file":"/www/wwwroot/default/zufang/libs/log/Error.php", "line":159}
[2020/09/28 21:19:54] Array: {"errortime":"2020-09-28 21:19:54", "errornum":2, "errortype":"警告", "errormsg":"Illegal string offset \u0027css_link\u0027", "errorfile":"/www/wwwroot/default/zufang/sites/app/controller/wxapp/InitController.php", "errorline":90}
[2020/09/28 21:19:54] Array: {"file":"/www/wwwroot/default/zufang/libs/log/Error.php", "line":159}
[2020/09/28 21:19:54] Array: {"errortime":"2020-09-28 21:19:54", "errornum":2, "errortype":"警告", "errormsg":"Missing argument 1 for App_Model_Shop_MysqlShopCoreStorage::__construct(), called in /www/wwwroot/default/zufang/sites/app/controller/wxapp/InitController.php on line 430 and defined", "errorfile":"/www/wwwroot/default/zufang/sites/app/model/shop/MysqlShopCoreStorage.php", "errorline":16}
[2020/09/28 21:19:54] Array: {"file":"/www/wwwroot/default/zufang/libs/log/Error.php", "line":159}
[2020/09/28 21:19:54] Array: {"errortime":"2020-09-28 21:19:54", "errornum":2, "errortype":"警告", "errormsg":"Missing argument 1 for App_Model_Shop_MysqlShopCoreStorage::__construct(), called in /www/wwwroot/default/zufang/sites/app/controller/wxapp/InitController.php on line 506 and defined", "errorfile":"/www/wwwroot/default/zufang/sites/app/model/shop/MysqlShopCoreStorage.php", "errorline":16}
[2020/09/28 21:19:54] Array: {"file":"/www/wwwroot/default/zufang/libs/log/Error.php", "line":159}
[2020/09/28 21:19:54] Array: {"errortime":"2020-09-28 21:19:54", "errornum":2, "errortype":"警告", "errormsg":"Illegal string offset \u0027css_link\u0027", "errorfile":"/www/wwwroot/default/zufang/sites/app/controller/wxapp/InitController.php", "errorline":89}
[2020/09/28 21:19:54] Array: {"file":"/www/wwwroot/default/zufang/libs/log/Error.php", "line":159}
[2020/09/28 21:19:54] Array: {"errortime":"2020-09-28 21:19:54", "errornum":2, "errortype":"警告", "errormsg":"Illegal string offset \u0027css_link\u0027", "errorfile":"/www/wwwroot/default/zufang/sites/app/controller/wxapp/InitController.php", "errorline":90}
[2020/09/28 21:19:54] Array: {"file":"/www/wwwroot/default/zufang/libs/log/Error.php", "line":159}
[2020/09/28 21:19:54] Array: {"errortime":"2020-09-28 21:19:54", "errornum":2, "errortype":"警告", "errormsg":"Missing argument 1 for App_Model_Shop_MysqlShopCoreStorage::__construct(), called in /www/wwwroot/default/zufang/sites/app/controller/wxapp/InitController.php on line 430 and defined", "errorfile":"/www/wwwroot/default/zufang/sites/app/model/shop/MysqlShopCoreStorage.php", "errorline":16}
[2020/09/28 21:19:54] Array: {"file":"/www/wwwroot/default/zufang/libs/log/Error.php", "line":159}
[2020/09/28 21:19:54] Array: {"errortime":"2020-09-28 21:19:54", "errornum":2, "errortype":"警告", "errormsg":"Missing argument 1 for App_Model_Shop_MysqlShopCoreStorage::__construct(), called in /www/wwwroot/default/zufang/sites/app/controller/wxapp/InitController.php on line 506 and defined", "errorfile":"/www/wwwroot/default/zufang/sites/app/model/shop/MysqlShopCoreStorage.php", "errorline":16}
[2020/09/28 21:19:54] Array: {"file":"/www/wwwroot/default/zufang/libs/log/Error.php", "line":159}
[2020/09/28 21:19:54] Array: {"errortime":"2020-09-28 21:19:54", "errornum":2, "errortype":"警告", "errormsg":"Illegal string offset \u0027css_link\u0027", "errorfile":"/www/wwwroot/default/zufang/sites/app/controller/wxapp/InitController.php", "errorline":89}
[2020/09/28 21:19:54] Array: {"file":"/www/wwwroot/default/zufang/libs/log/Error.php", "line":159}
[2020/09/28 21:19:54] Array: {"errortime":"2020-09-28 21:19:54", "errornum":2, "errortype":"警告", "errormsg":"Illegal string offset \u0027css_link\u0027", "errorfile":"/www/wwwroot/default/zufang/sites/app/controller/wxapp/InitController.php", "errorline":90}
[2020/09/28 21:19:55] Array: {"file":"/www/wwwroot/default/zufang/libs/log/Error.php", "line":159}
[2020/09/28 21:19:55] Array: {"errortime":"2020-09-28 21:19:55", "errornum":2, "errortype":"警告", "errormsg":"Missing argument 1 for App_Model_Shop_MysqlShopCoreStorage::__construct(), called in /www/wwwroot/default/zufang/sites/app/controller/wxapp/InitController.php on line 430 and defined", "errorfile":"/www/wwwroot/default/zufang/sites/app/model/shop/MysqlShopCoreStorage.php", "errorline":16}
[2020/09/28 21:19:55] Array: {"file":"/www/wwwroot/default/zufang/libs/log/Error.php", "line":159}
[2020/09/28 21:19:55] Array: {"errortime":"2020-09-28 21:19:55", "errornum":2, "errortype":"警告", "errormsg":"Missing argument 1 for App_Model_Shop_MysqlShopCoreStorage::__construct(), called in /www/wwwroot/default/zufang/sites/app/controller/wxapp/InitController.php on line 506 and defined", "errorfile":"/www/wwwroot/default/zufang/sites/app/model/shop/MysqlShopCoreStorage.php", "errorline":16}
[2020/09/28 21:19:55] Array: {"file":"/www/wwwroot/default/zufang/libs/log/Error.php", "line":159}
[2020/09/28 21:19:55] Array: {"errortime":"2020-09-28 21:19:55", "errornum":2, "errortype":"警告", "errormsg":"Illegal string offset \u0027css_link\u0027", "errorfile":"/www/wwwroot/default/zufang/sites/app/controller/wxapp/InitController.php", "errorline":89}
[2020/09/28 21:19:55] Array: {"file":"/www/wwwroot/default/zufang/libs/log/Error.php", "line":159}
[2020/09/28 21:19:55] Array: {"errortime":"2020-09-28 21:19:55", "errornum":2, "errortype":"警告", "errormsg":"Illegal string offset \u0027css_link\u0027", "errorfile":"/www/wwwroot/default/zufang/sites/app/controller/wxapp/InitController.php", "errorline":90}
[2020/09/28 21:19:56] Array: {"file":"/www/wwwroot/default/zufang/libs/log/Error.php", "line":159}
[2020/09/28 21:19:56] Array: {"errortime":"2020-09-28 21:19:56", "errornum":2, "errortype":"警告", "errormsg":"Missing argument 1 for App_Model_Shop_MysqlShopCoreStorage::__construct(), called in /www/wwwroot/default/zufang/sites/app/controller/wxapp/InitController.php on line 430 and defined", "errorfile":"/www/wwwroot/default/zufang/sites/app/model/shop/MysqlShopCoreStorage.php", "errorline":16}
[2020/09/28 21:19:56] Array: {"file":"/www/wwwroot/default/zufang/libs/log/Error.php", "line":159}
[2020/09/28 21:19:56] Array: {"errortime":"2020-09-28 21:19:56", "errornum":2, "errortype":"警告", "errormsg":"Missing argument 1 for App_Model_Shop_MysqlShopCoreStorage::__construct(), called in /www/wwwroot/default/zufang/sites/app/controller/wxapp/InitController.php on line 506 and defined", "errorfile":"/www/wwwroot/default/zufang/sites/app/model/shop/MysqlShopCoreStorage.php", "errorline":16}
[2020/09/28 21:19:56] Array: {"file":"/www/wwwroot/default/zufang/libs/log/Error.php", "line":159}
[2020/09/28 21:19:56] Array: {"errortime":"2020-09-28 21:19:56", "errornum":2, "errortype":"警告", "errormsg":"Illegal string offset \u0027css_link\u0027", "errorfile":"/www/wwwroot/default/zufang/sites/app/controller/wxapp/InitController.php", "errorline":89}
[2020/09/28 21:19:56] Array: {"file":"/www/wwwroot/default/zufang/libs/log/Error.php", "line":159}
[2020/09/28 21:19:56] Array: {"errortime":"2020-09-28 21:19:56", "errornum":2, "errortype":"警告", "errormsg":"Illegal string offset \u0027css_link\u0027", "errorfile":"/www/wwwroot/default/zufang/sites/app/controller/wxapp/InitController.php", "errorline":90}
